Jan 24, 2008 4:07:14 AM org.apache.catalina.core.ApplicationContext log
INFO: Marking servlet action as unavailable
Jan 24, 2008 4:07:14 AM org.apache.catalina.core.ApplicationContext log
SEVERE: Error loading WebappClassLoader
  delegate: false
  repositories:
    /WEB-INF/classes/
----------> Parent Classloader:
org.apache.catalina.loader.StandardClassLoader@3c2378
 org.apache.struts.action.ActionServlet
java.lang.ClassNotFoundException: org.apache.struts.action.ActionServlet
	at org.apache.catalina.loader.WebappClassLoader.loadClass(WebappClassLoader.java:1355)
	at org.apache.catalina.loader.WebappClassLoader.loadClass(WebappClassLoader.java:1201)
	at org.apache.catalina.core.StandardWrapper.loadServlet(StandardWrapper.java:1034)
	at org.apache.catalina.core.StandardWrapper.load(StandardWrapper.java:932)
	at org.apache.catalina.core.StandardContext.loadOnStartup(StandardContext.java:3951)
	at org.apache.catalina.core.StandardContext.start(StandardContext.java:4225)
	at org.apache.catalina.core.ContainerBase.start(ContainerBase.java:1013)
	at org.apache.catalina.core.StandardHost.start(StandardHost.java:718)
	at org.apache.catalina.core.ContainerBase.start(ContainerBase.java:1013)
	at org.apache.catalina.core.StandardEngine.start(StandardEngine.java:442)
	at org.apache.catalina.core.StandardService.start(StandardService.java:450)
	at org.apache.catalina.core.StandardServer.start(StandardServer.java:709)
	at org.apache.catalina.startup.Catalina.start(Catalina.java:551)
	at sun.reflect.NativeMethodAccessorImpl.invoke0(Native Method)
	at sun.reflect.NativeMethodAccessorImpl.invoke(NativeMethodAccessorImpl.java:39)
	at sun.reflect.DelegatingMethodAccessorImpl.invoke(DelegatingMethodAccessorImpl.java:25)
	at java.lang.reflect.Method.invoke(Method.java:585)
	at org.apache.catalina.startup.Bootstrap.start(Bootstrap.java:294)
	at org.apache.catalina.startup.Bootstrap.main(Bootstrap.java:432)
Jan 24, 2008 4:07:14 AM org.apache.catalina.core.StandardContext loadOnStartup
SEVERE: Servlet  threw load() exception
java.lang.ClassNotFoundException: org.apache.struts.action.ActionServlet
	at org.apache.catalina.loader.WebappClassLoader.loadClass(WebappClassLoader.java:1355)
	at org.apache.catalina.loader.WebappClassLoader.loadClass(WebappClassLoader.java:1201)
	at org.apache.catalina.core.StandardWrapper.loadServlet(StandardWrapper.java:1034)
	at org.apache.catalina.core.StandardWrapper.load(StandardWrapper.java:932)
	at org.apache.catalina.core.StandardContext.loadOnStartup(StandardContext.java:3951)
	at org.apache.catalina.core.StandardContext.start(StandardContext.java:4225)
	at org.apache.catalina.core.ContainerBase.start(ContainerBase.java:1013)
	at org.apache.catalina.core.StandardHost.start(StandardHost.java:718)
	at org.apache.catalina.core.ContainerBase.start(ContainerBase.java:1013)
	at org.apache.catalina.core.StandardEngine.start(StandardEngine.java:442)
	at org.apache.catalina.core.StandardService.start(StandardService.java:450)
	at org.apache.catalina.core.StandardServer.start(StandardServer.java:709)
	at org.apache.catalina.startup.Catalina.start(Catalina.java:551)
	at sun.reflect.NativeMethodAccessorImpl.invoke0(Native Method)
	at sun.reflect.NativeMethodAccessorImpl.invoke(NativeMethodAccessorImpl.java:39)
	at sun.reflect.DelegatingMethodAccessorImpl.invoke(DelegatingMethodAccessorImpl.java:25)
	at java.lang.reflect.Method.invoke(Method.java:585)
	at org.apache.catalina.startup.Bootstrap.start(Bootstrap.java:294)
	at org.apache.catalina.startup.Bootstrap.main(Bootstrap.java:432)
Jan 24, 2008 1:48:00 PM org.apache.catalina.core.ApplicationContext log
INFO: Marking servlet org.apache.catalina.INVOKER.guapoTran as unavailable
Jan 24, 2008 1:48:00 PM org.apache.catalina.core.ApplicationContext log
SEVERE: Error loading WebappClassLoader
  delegate: false
  repositories:
    /WEB-INF/classes/
----------> Parent Classloader:
org.apache.catalina.loader.StandardClassLoader@3c2378
 guapoTran
java.lang.ClassNotFoundException: guapoTran
	at org.apache.catalina.loader.WebappClassLoader.loadClass(WebappClassLoader.java:1355)
	at org.apache.catalina.loader.WebappClassLoader.loadClass(WebappClassLoader.java:1201)
	at org.apache.catalina.core.StandardWrapper.loadServlet(StandardWrapper.java:1034)
	at org.apache.catalina.core.StandardWrapper.allocate(StandardWrapper.java:757)
	at org.apache.catalina.servlets.InvokerServlet.serveRequest(InvokerServlet.java:369)
	at org.apache.catalina.servlets.InvokerServlet.doGet(InvokerServlet.java:133)
	at javax.servlet.http.HttpServlet.service(HttpServlet.java:689)
	at javax.servlet.http.HttpServlet.service(HttpServlet.java:802)
	at org.apache.catalina.core.ApplicationFilterChain.internalDoFilter(ApplicationFilterChain.java:252)
	at org.apache.catalina.core.ApplicationFilterChain.doFilter(ApplicationFilterChain.java:173)
	at org.apache.catalina.core.StandardWrapperValve.invoke(StandardWrapperValve.java:213)
	at org.apache.catalina.core.StandardContextValve.invoke(StandardContextValve.java:178)
	at org.apache.catalina.authenticator.AuthenticatorBase.invoke(AuthenticatorBase.java:432)
	at org.apache.catalina.core.StandardHostValve.invoke(StandardHostValve.java:126)
	at org.apache.catalina.valves.ErrorReportValve.invoke(ErrorReportValve.java:105)
	at org.apache.catalina.core.StandardEngineValve.invoke(StandardEngineValve.java:107)
	at org.apache.catalina.connector.CoyoteAdapter.service(CoyoteAdapter.java:148)
	at org.apache.jk.server.JkCoyoteHandler.invoke(JkCoyoteHandler.java:199)
	at org.apache.jk.common.HandlerRequest.invoke(HandlerRequest.java:282)
	at org.apache.jk.common.ChannelSocket.invoke(ChannelSocket.java:767)
	at org.apache.jk.common.ChannelSocket.processConnection(ChannelSocket.java:697)
	at org.apache.jk.common.ChannelSocket$SocketConnection.runIt(ChannelSocket.java:889)
	at org.apache.tomcat.util.threads.ThreadPool$ControlRunnable.run(ThreadPool.java:684)
	at java.lang.Thread.run(Thread.java:595)
Jan 24, 2008 1:48:00 PM org.apache.catalina.core.ApplicationContext log
SEVERE: invoker: Cannot allocate servlet instance for path /servlet/guapoTran
javax.servlet.ServletException: Wrapper cannot find servlet class guapoTran or a class it depends on
	at org.apache.catalina.core.StandardWrapper.loadServlet(StandardWrapper.java:1042)
	at org.apache.catalina.core.StandardWrapper.allocate(StandardWrapper.java:757)
	at org.apache.catalina.servlets.InvokerServlet.serveRequest(InvokerServlet.java:369)
	at org.apache.catalina.servlets.InvokerServlet.doGet(InvokerServlet.java:133)
	at javax.servlet.http.HttpServlet.service(HttpServlet.java:689)
	at javax.servlet.http.HttpServlet.service(HttpServlet.java:802)
	at org.apache.catalina.core.ApplicationFilterChain.internalDoFilter(ApplicationFilterChain.java:252)
	at org.apache.catalina.core.ApplicationFilterChain.doFilter(ApplicationFilterChain.java:173)
	at org.apache.catalina.core.StandardWrapperValve.invoke(StandardWrapperValve.java:213)
	at org.apache.catalina.core.StandardContextValve.invoke(StandardContextValve.java:178)
	at org.apache.catalina.authenticator.AuthenticatorBase.invoke(AuthenticatorBase.java:432)
	at org.apache.catalina.core.StandardHostValve.invoke(StandardHostValve.java:126)
	at org.apache.catalina.valves.ErrorReportValve.invoke(ErrorReportValve.java:105)
	at org.apache.catalina.core.StandardEngineValve.invoke(StandardEngineValve.java:107)
	at org.apache.catalina.connector.CoyoteAdapter.service(CoyoteAdapter.java:148)
	at org.apache.jk.server.JkCoyoteHandler.invoke(JkCoyoteHandler.java:199)
	at org.apache.jk.common.HandlerRequest.invoke(HandlerRequest.java:282)
	at org.apache.jk.common.ChannelSocket.invoke(ChannelSocket.java:767)
	at org.apache.jk.common.ChannelSocket.processConnection(ChannelSocket.java:697)
	at org.apache.jk.common.ChannelSocket$SocketConnection.runIt(ChannelSocket.java:889)
	at org.apache.tomcat.util.threads.ThreadPool$ControlRunnable.run(ThreadPool.java:684)
	at java.lang.Thread.run(Thread.java:595)
Jan 24, 2008 1:50:20 PM org.apache.catalina.core.ApplicationContext log
INFO: Marking servlet org.apache.catalina.INVOKER.guapoTran as unavailable
Jan 24, 2008 1:50:20 PM org.apache.catalina.core.ApplicationContext log
SEVERE: Error loading WebappClassLoader
  delegate: false
  repositories:
    /WEB-INF/classes/
----------> Parent Classloader:
org.apache.catalina.loader.StandardClassLoader@3c2378
 guapoTran
java.lang.ClassNotFoundException: guapoTran
	at org.apache.catalina.loader.WebappClassLoader.loadClass(WebappClassLoader.java:1355)
	at org.apache.catalina.loader.WebappClassLoader.loadClass(WebappClassLoader.java:1201)
	at org.apache.catalina.core.StandardWrapper.loadServlet(StandardWrapper.java:1034)
	at org.apache.catalina.core.StandardWrapper.allocate(StandardWrapper.java:757)
	at org.apache.catalina.servlets.InvokerServlet.serveRequest(InvokerServlet.java:369)
	at org.apache.catalina.servlets.InvokerServlet.doGet(InvokerServlet.java:133)
	at javax.servlet.http.HttpServlet.service(HttpServlet.java:689)
	at javax.servlet.http.HttpServlet.service(HttpServlet.java:802)
	at org.apache.catalina.core.ApplicationFilterChain.internalDoFilter(ApplicationFilterChain.java:252)
	at org.apache.catalina.core.ApplicationFilterChain.doFilter(ApplicationFilterChain.java:173)
	at org.apache.catalina.core.StandardWrapperValve.invoke(StandardWrapperValve.java:213)
	at org.apache.catalina.core.StandardContextValve.invoke(StandardContextValve.java:178)
	at org.apache.catalina.authenticator.AuthenticatorBase.invoke(AuthenticatorBase.java:432)
	at org.apache.catalina.core.StandardHostValve.invoke(StandardHostValve.java:126)
	at org.apache.catalina.valves.ErrorReportValve.invoke(ErrorReportValve.java:105)
	at org.apache.catalina.core.StandardEngineValve.invoke(StandardEngineValve.java:107)
	at org.apache.catalina.connector.CoyoteAdapter.service(CoyoteAdapter.java:148)
	at org.apache.jk.server.JkCoyoteHandler.invoke(JkCoyoteHandler.java:199)
	at org.apache.jk.common.HandlerRequest.invoke(HandlerRequest.java:282)
	at org.apache.jk.common.ChannelSocket.invoke(ChannelSocket.java:767)
	at org.apache.jk.common.ChannelSocket.processConnection(ChannelSocket.java:697)
	at org.apache.jk.common.ChannelSocket$SocketConnection.runIt(ChannelSocket.java:889)
	at org.apache.tomcat.util.threads.ThreadPool$ControlRunnable.run(ThreadPool.java:684)
	at java.lang.Thread.run(Thread.java:595)
Jan 24, 2008 1:50:20 PM org.apache.catalina.core.ApplicationContext log
SEVERE: invoker: Cannot allocate servlet instance for path /servlet/guapoTran
javax.servlet.ServletException: Wrapper cannot find servlet class guapoTran or a class it depends on
	at org.apache.catalina.core.StandardWrapper.loadServlet(StandardWrapper.java:1042)
	at org.apache.catalina.core.StandardWrapper.allocate(StandardWrapper.java:757)
	at org.apache.catalina.servlets.InvokerServlet.serveRequest(InvokerServlet.java:369)
	at org.apache.catalina.servlets.InvokerServlet.doGet(InvokerServlet.java:133)
	at javax.servlet.http.HttpServlet.service(HttpServlet.java:689)
	at javax.servlet.http.HttpServlet.service(HttpServlet.java:802)
	at org.apache.catalina.core.ApplicationFilterChain.internalDoFilter(ApplicationFilterChain.java:252)
	at org.apache.catalina.core.ApplicationFilterChain.doFilter(ApplicationFilterChain.java:173)
	at org.apache.catalina.core.StandardWrapperValve.invoke(StandardWrapperValve.java:213)
	at org.apache.catalina.core.StandardContextValve.invoke(StandardContextValve.java:178)
	at org.apache.catalina.authenticator.AuthenticatorBase.invoke(AuthenticatorBase.java:432)
	at org.apache.catalina.core.StandardHostValve.invoke(StandardHostValve.java:126)
	at org.apache.catalina.valves.ErrorReportValve.invoke(ErrorReportValve.java:105)
	at org.apache.catalina.core.StandardEngineValve.invoke(StandardEngineValve.java:107)
	at org.apache.catalina.connector.CoyoteAdapter.service(CoyoteAdapter.java:148)
	at org.apache.jk.server.JkCoyoteHandler.invoke(JkCoyoteHandler.java:199)
	at org.apache.jk.common.HandlerRequest.invoke(HandlerRequest.java:282)
	at org.apache.jk.common.ChannelSocket.invoke(ChannelSocket.java:767)
	at org.apache.jk.common.ChannelSocket.processConnection(ChannelSocket.java:697)
	at org.apache.jk.common.ChannelSocket$SocketConnection.runIt(ChannelSocket.java:889)
	at org.apache.tomcat.util.threads.ThreadPool$ControlRunnable.run(ThreadPool.java:684)
	at java.lang.Thread.run(Thread.java:595)
Jan 24, 2008 1:57:24 PM org.apache.catalina.core.ApplicationContext log
INFO: Marking servlet org.apache.catalina.INVOKER.guapoTrans as unavailable
Jan 24, 2008 1:57:24 PM org.apache.catalina.core.ApplicationContext log
SEVERE: Error loading WebappClassLoader
  delegate: false
  repositories:
    /WEB-INF/classes/
----------> Parent Classloader:
org.apache.catalina.loader.StandardClassLoader@3c2378
 guapoTrans
java.lang.ClassNotFoundException: guapoTrans
	at org.apache.catalina.loader.WebappClassLoader.loadClass(WebappClassLoader.java:1355)
	at org.apache.catalina.loader.WebappClassLoader.loadClass(WebappClassLoader.java:1201)
	at org.apache.catalina.core.StandardWrapper.loadServlet(StandardWrapper.java:1034)
	at org.apache.catalina.core.StandardWrapper.allocate(StandardWrapper.java:757)
	at org.apache.catalina.servlets.InvokerServlet.serveRequest(InvokerServlet.java:369)
	at org.apache.catalina.servlets.InvokerServlet.doGet(InvokerServlet.java:133)
	at javax.servlet.http.HttpServlet.service(HttpServlet.java:689)
	at javax.servlet.http.HttpServlet.service(HttpServlet.java:802)
	at org.apache.catalina.core.ApplicationFilterChain.internalDoFilter(ApplicationFilterChain.java:252)
	at org.apache.catalina.core.ApplicationFilterChain.doFilter(ApplicationFilterChain.java:173)
	at org.apache.catalina.core.StandardWrapperValve.invoke(StandardWrapperValve.java:213)
	at org.apache.catalina.core.StandardContextValve.invoke(StandardContextValve.java:178)
	at org.apache.catalina.authenticator.AuthenticatorBase.invoke(AuthenticatorBase.java:432)
	at org.apache.catalina.core.StandardHostValve.invoke(StandardHostValve.java:126)
	at org.apache.catalina.valves.ErrorReportValve.invoke(ErrorReportValve.java:105)
	at org.apache.catalina.core.StandardEngineValve.invoke(StandardEngineValve.java:107)
	at org.apache.catalina.connector.CoyoteAdapter.service(CoyoteAdapter.java:148)
	at org.apache.jk.server.JkCoyoteHandler.invoke(JkCoyoteHandler.java:199)
	at org.apache.jk.common.HandlerRequest.invoke(HandlerRequest.java:282)
	at org.apache.jk.common.ChannelSocket.invoke(ChannelSocket.java:767)
	at org.apache.jk.common.ChannelSocket.processConnection(ChannelSocket.java:697)
	at org.apache.jk.common.ChannelSocket$SocketConnection.runIt(ChannelSocket.java:889)
	at org.apache.tomcat.util.threads.ThreadPool$ControlRunnable.run(ThreadPool.java:684)
	at java.lang.Thread.run(Thread.java:595)
Jan 24, 2008 1:57:24 PM org.apache.catalina.core.ApplicationContext log
SEVERE: invoker: Cannot allocate servlet instance for path /servlet/guapoTrans
javax.servlet.ServletException: Wrapper cannot find servlet class guapoTrans or a class it depends on
	at org.apache.catalina.core.StandardWrapper.loadServlet(StandardWrapper.java:1042)
	at org.apache.catalina.core.StandardWrapper.allocate(StandardWrapper.java:757)
	at org.apache.catalina.servlets.InvokerServlet.serveRequest(InvokerServlet.java:369)
	at org.apache.catalina.servlets.InvokerServlet.doGet(InvokerServlet.java:133)
	at javax.servlet.http.HttpServlet.service(HttpServlet.java:689)
	at javax.servlet.http.HttpServlet.service(HttpServlet.java:802)
	at org.apache.catalina.core.ApplicationFilterChain.internalDoFilter(ApplicationFilterChain.java:252)
	at org.apache.catalina.core.ApplicationFilterChain.doFilter(ApplicationFilterChain.java:173)
	at org.apache.catalina.core.StandardWrapperValve.invoke(StandardWrapperValve.java:213)
	at org.apache.catalina.core.StandardContextValve.invoke(StandardContextValve.java:178)
	at org.apache.catalina.authenticator.AuthenticatorBase.invoke(AuthenticatorBase.java:432)
	at org.apache.catalina.core.StandardHostValve.invoke(StandardHostValve.java:126)
	at org.apache.catalina.valves.ErrorReportValve.invoke(ErrorReportValve.java:105)
	at org.apache.catalina.core.StandardEngineValve.invoke(StandardEngineValve.java:107)
	at org.apache.catalina.connector.CoyoteAdapter.service(CoyoteAdapter.java:148)
	at org.apache.jk.server.JkCoyoteHandler.invoke(JkCoyoteHandler.java:199)
	at org.apache.jk.common.HandlerRequest.invoke(HandlerRequest.java:282)
	at org.apache.jk.common.ChannelSocket.invoke(ChannelSocket.java:767)
	at org.apache.jk.common.ChannelSocket.processConnection(ChannelSocket.java:697)
	at org.apache.jk.common.ChannelSocket$SocketConnection.runIt(ChannelSocket.java:889)
	at org.apache.tomcat.util.threads.ThreadPool$ControlRunnable.run(ThreadPool.java:684)
	at java.lang.Thread.run(Thread.java:595)
