Feb 4, 2014 12:47:40 PM org.apache.catalina.core.AprLifecycleListener init
INFO: The APR based Apache Tomcat Native library which allows optimal performance in production environments was not found on the java.library.path: .:/Library/Java/Extensions:/System/Library/Java/Extensions:/usr/lib/java
Feb 4, 2014 12:47:41 PM org.apache.coyote.AbstractProtocol init
INFO: Initializing ProtocolHandler ["http-bio-8080"]
Feb 4, 2014 12:47:41 PM org.apache.coyote.AbstractProtocol init
INFO: Initializing ProtocolHandler ["ajp-bio-8009"]
Feb 4, 2014 12:47:41 PM org.apache.catalina.startup.Catalina load
INFO: Initialization processed in 571 ms
Feb 4, 2014 12:47:41 PM org.apache.catalina.core.StandardService startInternal
INFO: Starting service Catalina
Feb 4, 2014 12:47:41 PM org.apache.catalina.core.StandardEngine startInternal
INFO: Starting Servlet Engine: Apache Tomcat/7.0.47
Feb 4, 2014 12:47:41 PM org.apache.catalina.startup.HostConfig deployDirectory
INFO: Deploying web application directory /Users/dunc/Documents/Tomcat/apache-tomcat-7.0.47/webapps/blojsom
Feb 4, 2014 12:47:42 PM org.apache.tomcat.websocket.server.WsSci onStartup
INFO: JSR 356 WebSocket (Java WebSocket 1.0) support is not available when running on Java 6. To suppress this message, run Tomcat on Java 7, remove the WebSocket JARs from $CATALINA_HOME/lib or add the WebSocketJARs to the tomcat.util.scan.DefaultJarScanner.jarsToSkip property in $CATALINA_BASE/conf/catalina.properties. Note that the deprecated Tomcat 7 WebSocket API will be available. 
Feb 4, 2014 12:47:42 PM org.apache.catalina.startup.HostConfig deployDirectory
INFO: Deploying web application directory /Users/dunc/Documents/Tomcat/apache-tomcat-7.0.47/webapps/docs
Feb 4, 2014 12:47:42 PM org.apache.catalina.startup.HostConfig deployDirectory
INFO: Deploying web application directory /Users/dunc/Documents/Tomcat/apache-tomcat-7.0.47/webapps/examples
Feb 4, 2014 12:47:42 PM org.apache.catalina.startup.HostConfig deployDirectory
INFO: Deploying web application directory /Users/dunc/Documents/Tomcat/apache-tomcat-7.0.47/webapps/host-manager
Feb 4, 2014 12:47:42 PM org.apache.catalina.startup.HostConfig deployDirectory
INFO: Deploying web application directory /Users/dunc/Documents/Tomcat/apache-tomcat-7.0.47/webapps/manager
Feb 4, 2014 12:47:42 PM org.apache.catalina.startup.HostConfig deployDirectory
INFO: Deploying web application directory /Users/dunc/Documents/Tomcat/apache-tomcat-7.0.47/webapps/ROOT
Feb 4, 2014 12:47:42 PM org.apache.catalina.startup.HostConfig deployDirectory
INFO: Deploying web application directory /Users/dunc/Documents/Tomcat/apache-tomcat-7.0.47/webapps/sumer
Feb 4, 2014 12:47:43 PM org.apache.catalina.startup.TaglibUriRule body
INFO: TLD skipped. URI: http://jakarta.apache.org/taglibs/string-1.1 is already defined
Feb 4, 2014 12:47:43 PM org.apache.catalina.startup.TaglibUriRule body
INFO: TLD skipped. URI: http://jakarta.apache.org/taglibs/string-1.1 is already defined
Feb 4, 2014 12:47:43 PM org.apache.coyote.AbstractProtocol start
INFO: Starting ProtocolHandler ["http-bio-8080"]
Feb 4, 2014 12:47:43 PM org.apache.coyote.AbstractProtocol start
INFO: Starting ProtocolHandler ["ajp-bio-8009"]
Feb 4, 2014 12:47:43 PM org.apache.catalina.startup.Catalina start
INFO: Server startup in 2421 ms
Feb 4, 2014 12:49:45 PM org.apache.jasper.compiler.TldLocationsCache tldScanJar
INFO: At least one JAR was scanned for TLDs yet contained no TLDs. Enable debug logging for this logger for a complete list of JARs that were scanned but no TLDs were found in them. Skipping unneeded JARs during scanning can improve startup time and JSP compilation time.
Feb 4, 2014 1:37:27 PM org.apache.catalina.core.StandardServer await
INFO: A valid shutdown command was received via the shutdown port. Stopping the Server instance.
Feb 4, 2014 1:37:27 PM org.apache.coyote.AbstractProtocol pause
INFO: Pausing ProtocolHandler ["http-bio-8080"]
Feb 4, 2014 1:37:27 PM org.apache.coyote.AbstractProtocol pause
INFO: Pausing ProtocolHandler ["ajp-bio-8009"]
Feb 4, 2014 1:37:27 PM org.apache.catalina.core.StandardService stopInternal
INFO: Stopping service Catalina
Feb 4, 2014 1:37:27 PM org.apache.catalina.loader.WebappClassLoader checkThreadLocalMapForLeaks
SEVERE: The web application [/sumer] created a ThreadLocal with key of type [java.lang.ThreadLocal] (value [java.lang.ThreadLocal@72b7b831]) and a value of type [org.apache.xerces.parsers.SAXParser] (value [org.apache.xerces.parsers.SAXParser@4665d588]) but failed to remove it when the web application was stopped. Threads are going to be renewed over time to try and avoid a probable memory leak.
Feb 4, 2014 1:37:27 PM org.apache.catalina.loader.WebappClassLoader clearReferencesThreads
SEVERE: The web application [/blojsom] appears to have started a thread named [Thread-5] but has failed to stop it. This is very likely to create a memory leak.
Feb 4, 2014 1:37:27 PM org.apache.catalina.loader.WebappClassLoader clearReferencesThreads
SEVERE: The web application [/blojsom] appears to have started a thread named [Thread-6] but has failed to stop it. This is very likely to create a memory leak.
Feb 4, 2014 1:37:27 PM org.apache.catalina.loader.WebappClassLoader checkThreadLocalMapForLeaks
SEVERE: The web application [/blojsom] created a ThreadLocal with key of type [org.blojsom.util.BlojsomUtils$5] (value [org.blojsom.util.BlojsomUtils$5@3b87bd31]) and a value of type [java.text.SimpleDateFormat] (value [java.text.SimpleDateFormat@5a0f0632]) but failed to remove it when the web application was stopped. Threads are going to be renewed over time to try and avoid a probable memory leak.
Feb 4, 2014 1:37:27 PM org.apache.catalina.loader.WebappClassLoader checkThreadLocalMapForLeaks
SEVERE: The web application [/blojsom] created a ThreadLocal with key of type [org.blojsom.util.BlojsomUtils$6] (value [org.blojsom.util.BlojsomUtils$6@4c95fa7f]) and a value of type [java.text.SimpleDateFormat] (value [java.text.SimpleDateFormat@faabb380]) but failed to remove it when the web application was stopped. Threads are going to be renewed over time to try and avoid a probable memory leak.
Feb 4, 2014 1:37:27 PM org.apache.catalina.loader.WebappClassLoader checkThreadLocalMapForLeaks
SEVERE: The web application [/blojsom] created a ThreadLocal with key of type [org.blojsom.util.BlojsomUtils$7] (value [org.blojsom.util.BlojsomUtils$7@a70cf21]) and a value of type [java.text.SimpleDateFormat] (value [java.text.SimpleDateFormat@fe8ba6fa]) but failed to remove it when the web application was stopped. Threads are going to be renewed over time to try and avoid a probable memory leak.
Feb 4, 2014 1:37:27 PM org.apache.catalina.loader.WebappClassLoader checkThreadLocalMapForLeaks
SEVERE: The web application [/blojsom] created a ThreadLocal with key of type [org.blojsom.util.BlojsomUtils$5] (value [org.blojsom.util.BlojsomUtils$5@3b87bd31]) and a value of type [java.text.SimpleDateFormat] (value [java.text.SimpleDateFormat@5a0f0632]) but failed to remove it when the web application was stopped. Threads are going to be renewed over time to try and avoid a probable memory leak.
Feb 4, 2014 1:37:27 PM org.apache.catalina.loader.WebappClassLoader checkThreadLocalMapForLeaks
SEVERE: The web application [/blojsom] created a ThreadLocal with key of type [org.blojsom.util.BlojsomUtils$6] (value [org.blojsom.util.BlojsomUtils$6@4c95fa7f]) and a value of type [java.text.SimpleDateFormat] (value [java.text.SimpleDateFormat@faabb380]) but failed to remove it when the web application was stopped. Threads are going to be renewed over time to try and avoid a probable memory leak.
Feb 4, 2014 1:37:27 PM org.apache.catalina.loader.WebappClassLoader checkThreadLocalMapForLeaks
SEVERE: The web application [/blojsom] created a ThreadLocal with key of type [org.blojsom.util.BlojsomUtils$7] (value [org.blojsom.util.BlojsomUtils$7@a70cf21]) and a value of type [java.text.SimpleDateFormat] (value [java.text.SimpleDateFormat@fe8ba6fa]) but failed to remove it when the web application was stopped. Threads are going to be renewed over time to try and avoid a probable memory leak.
Feb 4, 2014 1:37:27 PM org.apache.catalina.loader.WebappClassLoader checkThreadLocalMapForLeaks
SEVERE: The web application [/blojsom] created a ThreadLocal with key of type [org.blojsom.util.BlojsomUtils$5] (value [org.blojsom.util.BlojsomUtils$5@3b87bd31]) and a value of type [java.text.SimpleDateFormat] (value [java.text.SimpleDateFormat@5a0f0632]) but failed to remove it when the web application was stopped. Threads are going to be renewed over time to try and avoid a probable memory leak.
Feb 4, 2014 1:37:27 PM org.apache.catalina.loader.WebappClassLoader checkThreadLocalMapForLeaks
SEVERE: The web application [/blojsom] created a ThreadLocal with key of type [org.blojsom.util.BlojsomUtils$6] (value [org.blojsom.util.BlojsomUtils$6@4c95fa7f]) and a value of type [java.text.SimpleDateFormat] (value [java.text.SimpleDateFormat@faabb380]) but failed to remove it when the web application was stopped. Threads are going to be renewed over time to try and avoid a probable memory leak.
Feb 4, 2014 1:37:27 PM org.apache.catalina.loader.WebappClassLoader checkThreadLocalMapForLeaks
SEVERE: The web application [/blojsom] created a ThreadLocal with key of type [org.blojsom.util.BlojsomUtils$7] (value [org.blojsom.util.BlojsomUtils$7@a70cf21]) and a value of type [java.text.SimpleDateFormat] (value [java.text.SimpleDateFormat@fe8ba6fa]) but failed to remove it when the web application was stopped. Threads are going to be renewed over time to try and avoid a probable memory leak.
Feb 4, 2014 1:37:27 PM org.apache.catalina.loader.WebappClassLoader checkThreadLocalMapForLeaks
SEVERE: The web application [/blojsom] created a ThreadLocal with key of type [org.blojsom.util.BlojsomUtils$5] (value [org.blojsom.util.BlojsomUtils$5@3b87bd31]) and a value of type [java.text.SimpleDateFormat] (value [java.text.SimpleDateFormat@5a0f0632]) but failed to remove it when the web application was stopped. Threads are going to be renewed over time to try and avoid a probable memory leak.
Feb 4, 2014 1:37:27 PM org.apache.catalina.loader.WebappClassLoader checkThreadLocalMapForLeaks
SEVERE: The web application [/blojsom] created a ThreadLocal with key of type [org.blojsom.util.BlojsomUtils$6] (value [org.blojsom.util.BlojsomUtils$6@4c95fa7f]) and a value of type [java.text.SimpleDateFormat] (value [java.text.SimpleDateFormat@faabb380]) but failed to remove it when the web application was stopped. Threads are going to be renewed over time to try and avoid a probable memory leak.
Feb 4, 2014 1:37:27 PM org.apache.catalina.loader.WebappClassLoader checkThreadLocalMapForLeaks
SEVERE: The web application [/blojsom] created a ThreadLocal with key of type [org.blojsom.util.BlojsomUtils$7] (value [org.blojsom.util.BlojsomUtils$7@a70cf21]) and a value of type [java.text.SimpleDateFormat] (value [java.text.SimpleDateFormat@fe8ba6fa]) but failed to remove it when the web application was stopped. Threads are going to be renewed over time to try and avoid a probable memory leak.
Feb 4, 2014 1:37:27 PM org.apache.catalina.loader.WebappClassLoader checkThreadLocalMapForLeaks
SEVERE: The web application [/blojsom] created a ThreadLocal with key of type [org.blojsom.util.BlojsomUtils$5] (value [org.blojsom.util.BlojsomUtils$5@3b87bd31]) and a value of type [java.text.SimpleDateFormat] (value [java.text.SimpleDateFormat@5a0f0632]) but failed to remove it when the web application was stopped. Threads are going to be renewed over time to try and avoid a probable memory leak.
Feb 4, 2014 1:37:27 PM org.apache.catalina.loader.WebappClassLoader checkThreadLocalMapForLeaks
SEVERE: The web application [/blojsom] created a ThreadLocal with key of type [org.blojsom.util.BlojsomUtils$6] (value [org.blojsom.util.BlojsomUtils$6@4c95fa7f]) and a value of type [java.text.SimpleDateFormat] (value [java.text.SimpleDateFormat@faabb380]) but failed to remove it when the web application was stopped. Threads are going to be renewed over time to try and avoid a probable memory leak.
Feb 4, 2014 1:37:27 PM org.apache.catalina.loader.WebappClassLoader checkThreadLocalMapForLeaks
SEVERE: The web application [/blojsom] created a ThreadLocal with key of type [org.blojsom.util.BlojsomUtils$7] (value [org.blojsom.util.BlojsomUtils$7@a70cf21]) and a value of type [java.text.SimpleDateFormat] (value [java.text.SimpleDateFormat@fe8ba6fa]) but failed to remove it when the web application was stopped. Threads are going to be renewed over time to try and avoid a probable memory leak.
Feb 4, 2014 1:37:27 PM org.apache.catalina.loader.WebappClassLoader checkThreadLocalMapForLeaks
SEVERE: The web application [/blojsom] created a ThreadLocal with key of type [org.blojsom.util.BlojsomUtils$5] (value [org.blojsom.util.BlojsomUtils$5@3b87bd31]) and a value of type [java.text.SimpleDateFormat] (value [java.text.SimpleDateFormat@5a0f0632]) but failed to remove it when the web application was stopped. Threads are going to be renewed over time to try and avoid a probable memory leak.
Feb 4, 2014 1:37:27 PM org.apache.catalina.loader.WebappClassLoader checkThreadLocalMapForLeaks
SEVERE: The web application [/blojsom] created a ThreadLocal with key of type [org.blojsom.util.BlojsomUtils$6] (value [org.blojsom.util.BlojsomUtils$6@4c95fa7f]) and a value of type [java.text.SimpleDateFormat] (value [java.text.SimpleDateFormat@faabb380]) but failed to remove it when the web application was stopped. Threads are going to be renewed over time to try and avoid a probable memory leak.
Feb 4, 2014 1:37:27 PM org.apache.catalina.loader.WebappClassLoader checkThreadLocalMapForLeaks
SEVERE: The web application [/blojsom] created a ThreadLocal with key of type [org.blojsom.util.BlojsomUtils$7] (value [org.blojsom.util.BlojsomUtils$7@a70cf21]) and a value of type [java.text.SimpleDateFormat] (value [java.text.SimpleDateFormat@fe8ba6fa]) but failed to remove it when the web application was stopped. Threads are going to be renewed over time to try and avoid a probable memory leak.
Feb 4, 2014 1:37:27 PM org.apache.catalina.loader.WebappClassLoader checkThreadLocalMapForLeaks
SEVERE: The web application [/blojsom] created a ThreadLocal with key of type [org.blojsom.util.BlojsomUtils$5] (value [org.blojsom.util.BlojsomUtils$5@3b87bd31]) and a value of type [java.text.SimpleDateFormat] (value [java.text.SimpleDateFormat@5a0f0632]) but failed to remove it when the web application was stopped. Threads are going to be renewed over time to try and avoid a probable memory leak.
Feb 4, 2014 1:37:27 PM org.apache.catalina.loader.WebappClassLoader checkThreadLocalMapForLeaks
SEVERE: The web application [/blojsom] created a ThreadLocal with key of type [org.blojsom.util.BlojsomUtils$6] (value [org.blojsom.util.BlojsomUtils$6@4c95fa7f]) and a value of type [java.text.SimpleDateFormat] (value [java.text.SimpleDateFormat@faabb380]) but failed to remove it when the web application was stopped. Threads are going to be renewed over time to try and avoid a probable memory leak.
Feb 4, 2014 1:37:27 PM org.apache.catalina.loader.WebappClassLoader checkThreadLocalMapForLeaks
SEVERE: The web application [/blojsom] created a ThreadLocal with key of type [org.blojsom.util.BlojsomUtils$7] (value [org.blojsom.util.BlojsomUtils$7@a70cf21]) and a value of type [java.text.SimpleDateFormat] (value [java.text.SimpleDateFormat@fe8ba6fa]) but failed to remove it when the web application was stopped. Threads are going to be renewed over time to try and avoid a probable memory leak.
Feb 4, 2014 1:37:27 PM org.apache.catalina.loader.WebappClassLoader checkThreadLocalMapForLeaks
SEVERE: The web application [/blojsom] created a ThreadLocal with key of type [org.blojsom.util.BlojsomUtils$5] (value [org.blojsom.util.BlojsomUtils$5@3b87bd31]) and a value of type [java.text.SimpleDateFormat] (value [java.text.SimpleDateFormat@5a0f0632]) but failed to remove it when the web application was stopped. Threads are going to be renewed over time to try and avoid a probable memory leak.
Feb 4, 2014 1:37:27 PM org.apache.catalina.loader.WebappClassLoader checkThreadLocalMapForLeaks
SEVERE: The web application [/blojsom] created a ThreadLocal with key of type [org.blojsom.util.BlojsomUtils$6] (value [org.blojsom.util.BlojsomUtils$6@4c95fa7f]) and a value of type [java.text.SimpleDateFormat] (value [java.text.SimpleDateFormat@faabb380]) but failed to remove it when the web application was stopped. Threads are going to be renewed over time to try and avoid a probable memory leak.
Feb 4, 2014 1:37:27 PM org.apache.catalina.loader.WebappClassLoader checkThreadLocalMapForLeaks
SEVERE: The web application [/blojsom] created a ThreadLocal with key of type [org.blojsom.util.BlojsomUtils$7] (value [org.blojsom.util.BlojsomUtils$7@a70cf21]) and a value of type [java.text.SimpleDateFormat] (value [java.text.SimpleDateFormat@fe8ba6fa]) but failed to remove it when the web application was stopped. Threads are going to be renewed over time to try and avoid a probable memory leak.
Feb 4, 2014 1:37:27 PM org.apache.catalina.loader.WebappClassLoader checkThreadLocalMapForLeaks
SEVERE: The web application [/blojsom] created a ThreadLocal with key of type [org.blojsom.util.BlojsomUtils$5] (value [org.blojsom.util.BlojsomUtils$5@3b87bd31]) and a value of type [java.text.SimpleDateFormat] (value [java.text.SimpleDateFormat@5a0f0632]) but failed to remove it when the web application was stopped. Threads are going to be renewed over time to try and avoid a probable memory leak.
Feb 4, 2014 1:37:27 PM org.apache.catalina.loader.WebappClassLoader checkThreadLocalMapForLeaks
SEVERE: The web application [/blojsom] created a ThreadLocal with key of type [org.blojsom.util.BlojsomUtils$6] (value [org.blojsom.util.BlojsomUtils$6@4c95fa7f]) and a value of type [java.text.SimpleDateFormat] (value [java.text.SimpleDateFormat@faabb380]) but failed to remove it when the web application was stopped. Threads are going to be renewed over time to try and avoid a probable memory leak.
Feb 4, 2014 1:37:27 PM org.apache.catalina.loader.WebappClassLoader checkThreadLocalMapForLeaks
SEVERE: The web application [/blojsom] created a ThreadLocal with key of type [org.blojsom.util.BlojsomUtils$7] (value [org.blojsom.util.BlojsomUtils$7@a70cf21]) and a value of type [java.text.SimpleDateFormat] (value [java.text.SimpleDateFormat@fe8ba6fa]) but failed to remove it when the web application was stopped. Threads are going to be renewed over time to try and avoid a probable memory leak.
Feb 4, 2014 1:37:27 PM org.apache.catalina.loader.WebappClassLoader checkThreadLocalMapForLeaks
SEVERE: The web application [/blojsom] created a ThreadLocal with key of type [org.blojsom.util.BlojsomUtils$5] (value [org.blojsom.util.BlojsomUtils$5@3b87bd31]) and a value of type [java.text.SimpleDateFormat] (value [java.text.SimpleDateFormat@5a0f0632]) but failed to remove it when the web application was stopped. Threads are going to be renewed over time to try and avoid a probable memory leak.
Feb 4, 2014 1:37:27 PM org.apache.catalina.loader.WebappClassLoader checkThreadLocalMapForLeaks
SEVERE: The web application [/blojsom] created a ThreadLocal with key of type [org.blojsom.util.BlojsomUtils$6] (value [org.blojsom.util.BlojsomUtils$6@4c95fa7f]) and a value of type [java.text.SimpleDateFormat] (value [java.text.SimpleDateFormat@faabb380]) but failed to remove it when the web application was stopped. Threads are going to be renewed over time to try and avoid a probable memory leak.
Feb 4, 2014 1:37:27 PM org.apache.catalina.loader.WebappClassLoader checkThreadLocalMapForLeaks
SEVERE: The web application [/blojsom] created a ThreadLocal with key of type [org.blojsom.util.BlojsomUtils$7] (value [org.blojsom.util.BlojsomUtils$7@a70cf21]) and a value of type [java.text.SimpleDateFormat] (value [java.text.SimpleDateFormat@fe8ba6fa]) but failed to remove it when the web application was stopped. Threads are going to be renewed over time to try and avoid a probable memory leak.
Feb 4, 2014 1:37:27 PM org.apache.coyote.AbstractProtocol stop
INFO: Stopping ProtocolHandler ["http-bio-8080"]
Feb 4, 2014 1:37:32 PM org.apache.tomcat.util.net.AbstractEndpoint shutdownExecutor
WARNING: The executor associated with thread pool [http-bio-8080] has not fully shutdown. Some application threads may still be running.
Feb 4, 2014 1:37:32 PM org.apache.coyote.AbstractProtocol stop
INFO: Stopping ProtocolHandler ["ajp-bio-8009"]
Feb 4, 2014 1:37:32 PM org.apache.coyote.AbstractProtocol destroy
INFO: Destroying ProtocolHandler ["http-bio-8080"]
Feb 4, 2014 1:37:32 PM org.apache.coyote.AbstractProtocol destroy
INFO: Destroying ProtocolHandler ["ajp-bio-8009"]
Feb 4, 2014 1:37:38 PM org.apache.catalina.core.AprLifecycleListener init
INFO: The APR based Apache Tomcat Native library which allows optimal performance in production environments was not found on the java.library.path: .:/Library/Java/Extensions:/System/Library/Java/Extensions:/usr/lib/java
Feb 4, 2014 1:37:38 PM org.apache.coyote.AbstractProtocol init
INFO: Initializing ProtocolHandler ["http-bio-8080"]
Feb 4, 2014 1:37:38 PM org.apache.coyote.AbstractProtocol init
INFO: Initializing ProtocolHandler ["ajp-bio-8009"]
Feb 4, 2014 1:37:38 PM org.apache.catalina.startup.Catalina load
INFO: Initialization processed in 514 ms
Feb 4, 2014 1:37:38 PM org.apache.catalina.core.StandardService startInternal
INFO: Starting service Catalina
Feb 4, 2014 1:37:38 PM org.apache.catalina.core.StandardEngine startInternal
INFO: Starting Servlet Engine: Apache Tomcat/7.0.47
Feb 4, 2014 1:37:38 PM org.apache.catalina.startup.HostConfig deployDirectory
INFO: Deploying web application directory /Users/dunc/Documents/Tomcat/apache-tomcat-7.0.47/webapps/blojsom
Feb 4, 2014 1:37:39 PM org.apache.tomcat.websocket.server.WsSci onStartup
INFO: JSR 356 WebSocket (Java WebSocket 1.0) support is not available when running on Java 6. To suppress this message, run Tomcat on Java 7, remove the WebSocket JARs from $CATALINA_HOME/lib or add the WebSocketJARs to the tomcat.util.scan.DefaultJarScanner.jarsToSkip property in $CATALINA_BASE/conf/catalina.properties. Note that the deprecated Tomcat 7 WebSocket API will be available. 
Feb 4, 2014 1:37:40 PM org.apache.catalina.startup.HostConfig deployDirectory
INFO: Deploying web application directory /Users/dunc/Documents/Tomcat/apache-tomcat-7.0.47/webapps/docs
Feb 4, 2014 1:37:40 PM org.apache.catalina.startup.HostConfig deployDirectory
INFO: Deploying web application directory /Users/dunc/Documents/Tomcat/apache-tomcat-7.0.47/webapps/examples
Feb 4, 2014 1:37:40 PM org.apache.catalina.startup.HostConfig deployDirectory
INFO: Deploying web application directory /Users/dunc/Documents/Tomcat/apache-tomcat-7.0.47/webapps/host-manager
Feb 4, 2014 1:37:40 PM org.apache.catalina.startup.HostConfig deployDirectory
INFO: Deploying web application directory /Users/dunc/Documents/Tomcat/apache-tomcat-7.0.47/webapps/manager
Feb 4, 2014 1:37:40 PM org.apache.catalina.startup.HostConfig deployDirectory
INFO: Deploying web application directory /Users/dunc/Documents/Tomcat/apache-tomcat-7.0.47/webapps/ROOT
Feb 4, 2014 1:37:40 PM org.apache.catalina.startup.HostConfig deployDirectory
INFO: Deploying web application directory /Users/dunc/Documents/Tomcat/apache-tomcat-7.0.47/webapps/sumer
Feb 4, 2014 1:37:41 PM org.apache.catalina.startup.TaglibUriRule body
INFO: TLD skipped. URI: http://jakarta.apache.org/taglibs/string-1.1 is already defined
Feb 4, 2014 1:37:41 PM org.apache.catalina.startup.TaglibUriRule body
INFO: TLD skipped. URI: http://jakarta.apache.org/taglibs/string-1.1 is already defined
Feb 4, 2014 1:37:41 PM org.apache.coyote.AbstractProtocol start
INFO: Starting ProtocolHandler ["http-bio-8080"]
Feb 4, 2014 1:37:41 PM org.apache.coyote.AbstractProtocol start
INFO: Starting ProtocolHandler ["ajp-bio-8009"]
Feb 4, 2014 1:37:41 PM org.apache.catalina.startup.Catalina start
INFO: Server startup in 2363 ms
Feb 4, 2014 4:20:02 PM org.apache.jasper.compiler.TldLocationsCache tldScanJar
INFO: At least one JAR was scanned for TLDs yet contained no TLDs. Enable debug logging for this logger for a complete list of JARs that were scanned but no TLDs were found in them. Skipping unneeded JARs during scanning can improve startup time and JSP compilation time.
Feb 4, 2014 4:26:51 PM org.apache.catalina.startup.HostConfig checkResources
INFO: Reloading context [/sumer]
Feb 4, 2014 4:26:51 PM org.apache.catalina.core.StandardContext reload
INFO: Reloading Context with name [/sumer] has started
Feb 4, 2014 4:26:52 PM org.apache.catalina.startup.TaglibUriRule body
INFO: TLD skipped. URI: http://jakarta.apache.org/taglibs/string-1.1 is already defined
Feb 4, 2014 4:26:52 PM org.apache.catalina.startup.TaglibUriRule body
INFO: TLD skipped. URI: http://jakarta.apache.org/taglibs/string-1.1 is already defined
Feb 4, 2014 4:26:52 PM org.apache.catalina.core.StandardContext reload
INFO: Reloading Context with name [/sumer] is completed
Feb 4, 2014 4:27:02 PM org.apache.catalina.core.StandardServer await
INFO: A valid shutdown command was received via the shutdown port. Stopping the Server instance.
Feb 4, 2014 4:27:02 PM org.apache.coyote.AbstractProtocol pause
INFO: Pausing ProtocolHandler ["http-bio-8080"]
Feb 4, 2014 4:27:02 PM org.apache.coyote.AbstractProtocol pause
INFO: Pausing ProtocolHandler ["ajp-bio-8009"]
Feb 4, 2014 4:27:02 PM org.apache.catalina.core.StandardService stopInternal
INFO: Stopping service Catalina
Feb 4, 2014 4:27:03 PM org.apache.catalina.loader.WebappClassLoader clearReferencesThreads
SEVERE: The web application [/blojsom] appears to have started a thread named [Thread-4] but has failed to stop it. This is very likely to create a memory leak.
Feb 4, 2014 4:27:03 PM org.apache.catalina.loader.WebappClassLoader clearReferencesThreads
SEVERE: The web application [/blojsom] appears to have started a thread named [Thread-5] but has failed to stop it. This is very likely to create a memory leak.
Feb 4, 2014 4:27:03 PM org.apache.catalina.loader.WebappClassLoader checkThreadLocalMapForLeaks
SEVERE: The web application [/blojsom] created a ThreadLocal with key of type [org.blojsom.util.BlojsomUtils$5] (value [org.blojsom.util.BlojsomUtils$5@43a142ec]) and a value of type [java.text.SimpleDateFormat] (value [java.text.SimpleDateFormat@5a0f0632]) but failed to remove it when the web application was stopped. Threads are going to be renewed over time to try and avoid a probable memory leak.
Feb 4, 2014 4:27:03 PM org.apache.catalina.loader.WebappClassLoader checkThreadLocalMapForLeaks
SEVERE: The web application [/blojsom] created a ThreadLocal with key of type [org.blojsom.util.BlojsomUtils$6] (value [org.blojsom.util.BlojsomUtils$6@1030b6a4]) and a value of type [java.text.SimpleDateFormat] (value [java.text.SimpleDateFormat@faabb380]) but failed to remove it when the web application was stopped. Threads are going to be renewed over time to try and avoid a probable memory leak.
Feb 4, 2014 4:27:03 PM org.apache.catalina.loader.WebappClassLoader checkThreadLocalMapForLeaks
SEVERE: The web application [/blojsom] created a ThreadLocal with key of type [org.blojsom.util.BlojsomUtils$7] (value [org.blojsom.util.BlojsomUtils$7@6e26d149]) and a value of type [java.text.SimpleDateFormat] (value [java.text.SimpleDateFormat@fe8ba6fa]) but failed to remove it when the web application was stopped. Threads are going to be renewed over time to try and avoid a probable memory leak.
Feb 4, 2014 4:27:03 PM org.apache.catalina.loader.WebappClassLoader checkThreadLocalMapForLeaks
SEVERE: The web application [/blojsom] created a ThreadLocal with key of type [org.blojsom.util.BlojsomUtils$5] (value [org.blojsom.util.BlojsomUtils$5@43a142ec]) and a value of type [java.text.SimpleDateFormat] (value [java.text.SimpleDateFormat@5a0f0632]) but failed to remove it when the web application was stopped. Threads are going to be renewed over time to try and avoid a probable memory leak.
Feb 4, 2014 4:27:03 PM org.apache.catalina.loader.WebappClassLoader checkThreadLocalMapForLeaks
SEVERE: The web application [/blojsom] created a ThreadLocal with key of type [org.blojsom.util.BlojsomUtils$6] (value [org.blojsom.util.BlojsomUtils$6@1030b6a4]) and a value of type [java.text.SimpleDateFormat] (value [java.text.SimpleDateFormat@faabb380]) but failed to remove it when the web application was stopped. Threads are going to be renewed over time to try and avoid a probable memory leak.
Feb 4, 2014 4:27:03 PM org.apache.catalina.loader.WebappClassLoader checkThreadLocalMapForLeaks
SEVERE: The web application [/blojsom] created a ThreadLocal with key of type [org.blojsom.util.BlojsomUtils$7] (value [org.blojsom.util.BlojsomUtils$7@6e26d149]) and a value of type [java.text.SimpleDateFormat] (value [java.text.SimpleDateFormat@fe8ba6fa]) but failed to remove it when the web application was stopped. Threads are going to be renewed over time to try and avoid a probable memory leak.
Feb 4, 2014 4:27:03 PM org.apache.catalina.loader.WebappClassLoader checkThreadLocalMapForLeaks
SEVERE: The web application [/blojsom] created a ThreadLocal with key of type [org.blojsom.util.BlojsomUtils$7] (value [org.blojsom.util.BlojsomUtils$7@6e26d149]) and a value of type [java.text.SimpleDateFormat] (value [java.text.SimpleDateFormat@fe8ba6fa]) but failed to remove it when the web application was stopped. Threads are going to be renewed over time to try and avoid a probable memory leak.
Feb 4, 2014 4:27:03 PM org.apache.catalina.loader.WebappClassLoader checkThreadLocalMapForLeaks
SEVERE: The web application [/blojsom] created a ThreadLocal with key of type [org.blojsom.util.BlojsomUtils$5] (value [org.blojsom.util.BlojsomUtils$5@43a142ec]) and a value of type [java.text.SimpleDateFormat] (value [java.text.SimpleDateFormat@5a0f0632]) but failed to remove it when the web application was stopped. Threads are going to be renewed over time to try and avoid a probable memory leak.
Feb 4, 2014 4:27:03 PM org.apache.catalina.loader.WebappClassLoader checkThreadLocalMapForLeaks
SEVERE: The web application [/blojsom] created a ThreadLocal with key of type [org.blojsom.util.BlojsomUtils$6] (value [org.blojsom.util.BlojsomUtils$6@1030b6a4]) and a value of type [java.text.SimpleDateFormat] (value [java.text.SimpleDateFormat@faabb380]) but failed to remove it when the web application was stopped. Threads are going to be renewed over time to try and avoid a probable memory leak.
Feb 4, 2014 4:27:03 PM org.apache.catalina.loader.WebappClassLoader checkThreadLocalMapForLeaks
SEVERE: The web application [/blojsom] created a ThreadLocal with key of type [org.blojsom.util.BlojsomUtils$5] (value [org.blojsom.util.BlojsomUtils$5@43a142ec]) and a value of type [java.text.SimpleDateFormat] (value [java.text.SimpleDateFormat@5a0f0632]) but failed to remove it when the web application was stopped. Threads are going to be renewed over time to try and avoid a probable memory leak.
Feb 4, 2014 4:27:03 PM org.apache.catalina.loader.WebappClassLoader checkThreadLocalMapForLeaks
SEVERE: The web application [/blojsom] created a ThreadLocal with key of type [org.blojsom.util.BlojsomUtils$6] (value [org.blojsom.util.BlojsomUtils$6@1030b6a4]) and a value of type [java.text.SimpleDateFormat] (value [java.text.SimpleDateFormat@faabb380]) but failed to remove it when the web application was stopped. Threads are going to be renewed over time to try and avoid a probable memory leak.
Feb 4, 2014 4:27:03 PM org.apache.catalina.loader.WebappClassLoader checkThreadLocalMapForLeaks
SEVERE: The web application [/blojsom] created a ThreadLocal with key of type [org.blojsom.util.BlojsomUtils$7] (value [org.blojsom.util.BlojsomUtils$7@6e26d149]) and a value of type [java.text.SimpleDateFormat] (value [java.text.SimpleDateFormat@fe8ba6fa]) but failed to remove it when the web application was stopped. Threads are going to be renewed over time to try and avoid a probable memory leak.
Feb 4, 2014 4:27:03 PM org.apache.catalina.loader.WebappClassLoader checkThreadLocalMapForLeaks
SEVERE: The web application [/blojsom] created a ThreadLocal with key of type [org.blojsom.util.BlojsomUtils$5] (value [org.blojsom.util.BlojsomUtils$5@43a142ec]) and a value of type [java.text.SimpleDateFormat] (value [java.text.SimpleDateFormat@5a0f0632]) but failed to remove it when the web application was stopped. Threads are going to be renewed over time to try and avoid a probable memory leak.
Feb 4, 2014 4:27:03 PM org.apache.catalina.loader.WebappClassLoader checkThreadLocalMapForLeaks
SEVERE: The web application [/blojsom] created a ThreadLocal with key of type [org.blojsom.util.BlojsomUtils$6] (value [org.blojsom.util.BlojsomUtils$6@1030b6a4]) and a value of type [java.text.SimpleDateFormat] (value [java.text.SimpleDateFormat@faabb380]) but failed to remove it when the web application was stopped. Threads are going to be renewed over time to try and avoid a probable memory leak.
Feb 4, 2014 4:27:03 PM org.apache.catalina.loader.WebappClassLoader checkThreadLocalMapForLeaks
SEVERE: The web application [/blojsom] created a ThreadLocal with key of type [org.blojsom.util.BlojsomUtils$7] (value [org.blojsom.util.BlojsomUtils$7@6e26d149]) and a value of type [java.text.SimpleDateFormat] (value [java.text.SimpleDateFormat@fe8ba6fa]) but failed to remove it when the web application was stopped. Threads are going to be renewed over time to try and avoid a probable memory leak.
Feb 4, 2014 4:27:03 PM org.apache.catalina.loader.WebappClassLoader checkThreadLocalMapForLeaks
SEVERE: The web application [/blojsom] created a ThreadLocal with key of type [org.blojsom.util.BlojsomUtils$5] (value [org.blojsom.util.BlojsomUtils$5@43a142ec]) and a value of type [java.text.SimpleDateFormat] (value [java.text.SimpleDateFormat@5a0f0632]) but failed to remove it when the web application was stopped. Threads are going to be renewed over time to try and avoid a probable memory leak.
Feb 4, 2014 4:27:03 PM org.apache.catalina.loader.WebappClassLoader checkThreadLocalMapForLeaks
SEVERE: The web application [/blojsom] created a ThreadLocal with key of type [org.blojsom.util.BlojsomUtils$7] (value [org.blojsom.util.BlojsomUtils$7@6e26d149]) and a value of type [java.text.SimpleDateFormat] (value [java.text.SimpleDateFormat@fe8ba6fa]) but failed to remove it when the web application was stopped. Threads are going to be renewed over time to try and avoid a probable memory leak.
Feb 4, 2014 4:27:03 PM org.apache.catalina.loader.WebappClassLoader checkThreadLocalMapForLeaks
SEVERE: The web application [/blojsom] created a ThreadLocal with key of type [org.blojsom.util.BlojsomUtils$6] (value [org.blojsom.util.BlojsomUtils$6@1030b6a4]) and a value of type [java.text.SimpleDateFormat] (value [java.text.SimpleDateFormat@faabb380]) but failed to remove it when the web application was stopped. Threads are going to be renewed over time to try and avoid a probable memory leak.
Feb 4, 2014 4:27:03 PM org.apache.coyote.AbstractProtocol stop
INFO: Stopping ProtocolHandler ["http-bio-8080"]
Feb 4, 2014 4:27:07 PM org.apache.catalina.core.AprLifecycleListener init
INFO: The APR based Apache Tomcat Native library which allows optimal performance in production environments was not found on the java.library.path: .:/Library/Java/Extensions:/System/Library/Java/Extensions:/usr/lib/java
Feb 4, 2014 4:27:08 PM org.apache.tomcat.util.net.AbstractEndpoint shutdownExecutor
WARNING: The executor associated with thread pool [http-bio-8080] has not fully shutdown. Some application threads may still be running.
Feb 4, 2014 4:27:08 PM org.apache.coyote.AbstractProtocol stop
INFO: Stopping ProtocolHandler ["ajp-bio-8009"]
Feb 4, 2014 4:27:08 PM org.apache.coyote.AbstractProtocol destroy
INFO: Destroying ProtocolHandler ["http-bio-8080"]
Feb 4, 2014 4:27:08 PM org.apache.coyote.AbstractProtocol destroy
INFO: Destroying ProtocolHandler ["ajp-bio-8009"]
Feb 4, 2014 4:27:08 PM org.apache.coyote.AbstractProtocol init
INFO: Initializing ProtocolHandler ["http-bio-8080"]
Feb 4, 2014 4:27:08 PM org.apache.coyote.AbstractProtocol init
INFO: Initializing ProtocolHandler ["ajp-bio-8009"]
Feb 4, 2014 4:27:08 PM org.apache.catalina.startup.Catalina load
INFO: Initialization processed in 619 ms
Feb 4, 2014 4:27:08 PM org.apache.catalina.core.StandardService startInternal
INFO: Starting service Catalina
Feb 4, 2014 4:27:08 PM org.apache.catalina.core.StandardEngine startInternal
INFO: Starting Servlet Engine: Apache Tomcat/7.0.47
Feb 4, 2014 4:27:08 PM org.apache.catalina.startup.HostConfig deployDirectory
INFO: Deploying web application directory /Users/dunc/Documents/Tomcat/apache-tomcat-7.0.47/webapps/blojsom
Feb 4, 2014 4:27:09 PM org.apache.tomcat.websocket.server.WsSci onStartup
INFO: JSR 356 WebSocket (Java WebSocket 1.0) support is not available when running on Java 6. To suppress this message, run Tomcat on Java 7, remove the WebSocket JARs from $CATALINA_HOME/lib or add the WebSocketJARs to the tomcat.util.scan.DefaultJarScanner.jarsToSkip property in $CATALINA_BASE/conf/catalina.properties. Note that the deprecated Tomcat 7 WebSocket API will be available. 
Feb 4, 2014 4:27:09 PM org.apache.catalina.startup.HostConfig deployDirectory
INFO: Deploying web application directory /Users/dunc/Documents/Tomcat/apache-tomcat-7.0.47/webapps/docs
Feb 4, 2014 4:27:09 PM org.apache.catalina.startup.HostConfig deployDirectory
INFO: Deploying web application directory /Users/dunc/Documents/Tomcat/apache-tomcat-7.0.47/webapps/examples
Feb 4, 2014 4:27:09 PM org.apache.catalina.startup.HostConfig deployDirectory
INFO: Deploying web application directory /Users/dunc/Documents/Tomcat/apache-tomcat-7.0.47/webapps/host-manager
Feb 4, 2014 4:27:09 PM org.apache.catalina.startup.HostConfig deployDirectory
INFO: Deploying web application directory /Users/dunc/Documents/Tomcat/apache-tomcat-7.0.47/webapps/manager
Feb 4, 2014 4:27:09 PM org.apache.catalina.startup.HostConfig deployDirectory
INFO: Deploying web application directory /Users/dunc/Documents/Tomcat/apache-tomcat-7.0.47/webapps/ROOT
Feb 4, 2014 4:27:09 PM org.apache.catalina.startup.HostConfig deployDirectory
INFO: Deploying web application directory /Users/dunc/Documents/Tomcat/apache-tomcat-7.0.47/webapps/sumer
Feb 4, 2014 4:27:10 PM org.apache.catalina.startup.TaglibUriRule body
INFO: TLD skipped. URI: http://jakarta.apache.org/taglibs/string-1.1 is already defined
Feb 4, 2014 4:27:10 PM org.apache.catalina.startup.TaglibUriRule body
INFO: TLD skipped. URI: http://jakarta.apache.org/taglibs/string-1.1 is already defined
Feb 4, 2014 4:27:10 PM org.apache.coyote.AbstractProtocol start
INFO: Starting ProtocolHandler ["http-bio-8080"]
Feb 4, 2014 4:27:10 PM org.apache.coyote.AbstractProtocol start
INFO: Starting ProtocolHandler ["ajp-bio-8009"]
Feb 4, 2014 4:27:10 PM org.apache.catalina.startup.Catalina start
INFO: Server startup in 2352 ms
Feb 4, 2014 4:28:39 PM org.apache.jasper.compiler.TldLocationsCache tldScanJar
INFO: At least one JAR was scanned for TLDs yet contained no TLDs. Enable debug logging for this logger for a complete list of JARs that were scanned but no TLDs were found in them. Skipping unneeded JARs during scanning can improve startup time and JSP compilation time.
Feb 4, 2014 4:35:07 PM org.apache.catalina.core.StandardServer await
INFO: A valid shutdown command was received via the shutdown port. Stopping the Server instance.
Feb 4, 2014 4:35:07 PM org.apache.coyote.AbstractProtocol pause
INFO: Pausing ProtocolHandler ["http-bio-8080"]
Feb 4, 2014 4:35:07 PM org.apache.coyote.AbstractProtocol pause
INFO: Pausing ProtocolHandler ["ajp-bio-8009"]
Feb 4, 2014 4:35:07 PM org.apache.catalina.core.StandardService stopInternal
INFO: Stopping service Catalina
Feb 4, 2014 4:35:07 PM org.apache.catalina.loader.WebappClassLoader checkThreadLocalMapForLeaks
SEVERE: The web application [/sumer] created a ThreadLocal with key of type [java.lang.ThreadLocal] (value [java.lang.ThreadLocal@1a08777c]) and a value of type [org.apache.xerces.parsers.SAXParser] (value [org.apache.xerces.parsers.SAXParser@5cfe174]) but failed to remove it when the web application was stopped. Threads are going to be renewed over time to try and avoid a probable memory leak.
Feb 4, 2014 4:35:07 PM org.apache.catalina.loader.WebappClassLoader clearReferencesThreads
SEVERE: The web application [/blojsom] appears to have started a thread named [Thread-4] but has failed to stop it. This is very likely to create a memory leak.
Feb 4, 2014 4:35:07 PM org.apache.catalina.loader.WebappClassLoader clearReferencesThreads
SEVERE: The web application [/blojsom] appears to have started a thread named [Thread-5] but has failed to stop it. This is very likely to create a memory leak.
Feb 4, 2014 4:35:07 PM org.apache.catalina.loader.WebappClassLoader checkThreadLocalMapForLeaks
SEVERE: The web application [/blojsom] created a ThreadLocal with key of type [org.blojsom.util.BlojsomUtils$5] (value [org.blojsom.util.BlojsomUtils$5@6cd737e3]) and a value of type [java.text.SimpleDateFormat] (value [java.text.SimpleDateFormat@5a0f0632]) but failed to remove it when the web application was stopped. Threads are going to be renewed over time to try and avoid a probable memory leak.
Feb 4, 2014 4:35:07 PM org.apache.catalina.loader.WebappClassLoader checkThreadLocalMapForLeaks
SEVERE: The web application [/blojsom] created a ThreadLocal with key of type [org.blojsom.util.BlojsomUtils$7] (value [org.blojsom.util.BlojsomUtils$7@25964fe8]) and a value of type [java.text.SimpleDateFormat] (value [java.text.SimpleDateFormat@fe8ba6fa]) but failed to remove it when the web application was stopped. Threads are going to be renewed over time to try and avoid a probable memory leak.
Feb 4, 2014 4:35:07 PM org.apache.catalina.loader.WebappClassLoader checkThreadLocalMapForLeaks
SEVERE: The web application [/blojsom] created a ThreadLocal with key of type [org.blojsom.util.BlojsomUtils$6] (value [org.blojsom.util.BlojsomUtils$6@2f581b9f]) and a value of type [java.text.SimpleDateFormat] (value [java.text.SimpleDateFormat@faabb380]) but failed to remove it when the web application was stopped. Threads are going to be renewed over time to try and avoid a probable memory leak.
Feb 4, 2014 4:35:07 PM org.apache.catalina.loader.WebappClassLoader checkThreadLocalMapForLeaks
SEVERE: The web application [/blojsom] created a ThreadLocal with key of type [org.blojsom.util.BlojsomUtils$5] (value [org.blojsom.util.BlojsomUtils$5@6cd737e3]) and a value of type [java.text.SimpleDateFormat] (value [java.text.SimpleDateFormat@5a0f0632]) but failed to remove it when the web application was stopped. Threads are going to be renewed over time to try and avoid a probable memory leak.
Feb 4, 2014 4:35:07 PM org.apache.catalina.loader.WebappClassLoader checkThreadLocalMapForLeaks
SEVERE: The web application [/blojsom] created a ThreadLocal with key of type [org.blojsom.util.BlojsomUtils$6] (value [org.blojsom.util.BlojsomUtils$6@2f581b9f]) and a value of type [java.text.SimpleDateFormat] (value [java.text.SimpleDateFormat@faabb380]) but failed to remove it when the web application was stopped. Threads are going to be renewed over time to try and avoid a probable memory leak.
Feb 4, 2014 4:35:07 PM org.apache.catalina.loader.WebappClassLoader checkThreadLocalMapForLeaks
SEVERE: The web application [/blojsom] created a ThreadLocal with key of type [org.blojsom.util.BlojsomUtils$7] (value [org.blojsom.util.BlojsomUtils$7@25964fe8]) and a value of type [java.text.SimpleDateFormat] (value [java.text.SimpleDateFormat@fe8ba6fa]) but failed to remove it when the web application was stopped. Threads are going to be renewed over time to try and avoid a probable memory leak.
Feb 4, 2014 4:35:07 PM org.apache.catalina.loader.WebappClassLoader checkThreadLocalMapForLeaks
SEVERE: The web application [/blojsom] created a ThreadLocal with key of type [org.blojsom.util.BlojsomUtils$5] (value [org.blojsom.util.BlojsomUtils$5@6cd737e3]) and a value of type [java.text.SimpleDateFormat] (value [java.text.SimpleDateFormat@5a0f0632]) but failed to remove it when the web application was stopped. Threads are going to be renewed over time to try and avoid a probable memory leak.
Feb 4, 2014 4:35:07 PM org.apache.catalina.loader.WebappClassLoader checkThreadLocalMapForLeaks
SEVERE: The web application [/blojsom] created a ThreadLocal with key of type [org.blojsom.util.BlojsomUtils$6] (value [org.blojsom.util.BlojsomUtils$6@2f581b9f]) and a value of type [java.text.SimpleDateFormat] (value [java.text.SimpleDateFormat@faabb380]) but failed to remove it when the web application was stopped. Threads are going to be renewed over time to try and avoid a probable memory leak.
Feb 4, 2014 4:35:07 PM org.apache.catalina.loader.WebappClassLoader checkThreadLocalMapForLeaks
SEVERE: The web application [/blojsom] created a ThreadLocal with key of type [org.blojsom.util.BlojsomUtils$7] (value [org.blojsom.util.BlojsomUtils$7@25964fe8]) and a value of type [java.text.SimpleDateFormat] (value [java.text.SimpleDateFormat@fe8ba6fa]) but failed to remove it when the web application was stopped. Threads are going to be renewed over time to try and avoid a probable memory leak.
Feb 4, 2014 4:35:07 PM org.apache.catalina.loader.WebappClassLoader checkThreadLocalMapForLeaks
SEVERE: The web application [/blojsom] created a ThreadLocal with key of type [org.blojsom.util.BlojsomUtils$5] (value [org.blojsom.util.BlojsomUtils$5@6cd737e3]) and a value of type [java.text.SimpleDateFormat] (value [java.text.SimpleDateFormat@5a0f0632]) but failed to remove it when the web application was stopped. Threads are going to be renewed over time to try and avoid a probable memory leak.
Feb 4, 2014 4:35:07 PM org.apache.catalina.loader.WebappClassLoader checkThreadLocalMapForLeaks
SEVERE: The web application [/blojsom] created a ThreadLocal with key of type [org.blojsom.util.BlojsomUtils$6] (value [org.blojsom.util.BlojsomUtils$6@2f581b9f]) and a value of type [java.text.SimpleDateFormat] (value [java.text.SimpleDateFormat@faabb380]) but failed to remove it when the web application was stopped. Threads are going to be renewed over time to try and avoid a probable memory leak.
Feb 4, 2014 4:35:07 PM org.apache.catalina.loader.WebappClassLoader checkThreadLocalMapForLeaks
SEVERE: The web application [/blojsom] created a ThreadLocal with key of type [org.blojsom.util.BlojsomUtils$7] (value [org.blojsom.util.BlojsomUtils$7@25964fe8]) and a value of type [java.text.SimpleDateFormat] (value [java.text.SimpleDateFormat@fe8ba6fa]) but failed to remove it when the web application was stopped. Threads are going to be renewed over time to try and avoid a probable memory leak.
Feb 4, 2014 4:35:07 PM org.apache.coyote.AbstractProtocol stop
INFO: Stopping ProtocolHandler ["http-bio-8080"]
Feb 4, 2014 4:35:07 PM org.apache.coyote.AbstractProtocol stop
INFO: Stopping ProtocolHandler ["ajp-bio-8009"]
Feb 4, 2014 4:35:07 PM org.apache.coyote.AbstractProtocol destroy
INFO: Destroying ProtocolHandler ["http-bio-8080"]
Feb 4, 2014 4:35:07 PM org.apache.coyote.AbstractProtocol destroy
INFO: Destroying ProtocolHandler ["ajp-bio-8009"]
