Aug 13, 2015 7:28:37 PM org.apache.catalina.core.AprLifecycleListener init
INFO: The APR based Apache Tomcat Native library which allows optimal performance in production environments was not found on the java.library.path: .:/Library/Java/Extensions:/System/Library/Java/Extensions:/usr/lib/java
Aug 13, 2015 7:28:37 PM org.apache.coyote.AbstractProtocol init
INFO: Initializing ProtocolHandler ["http-bio-8080"]
Aug 13, 2015 7:28:37 PM org.apache.coyote.AbstractProtocol init
INFO: Initializing ProtocolHandler ["ajp-bio-8009"]
Aug 13, 2015 7:28:37 PM org.apache.catalina.startup.Catalina load
INFO: Initialization processed in 837 ms
Aug 13, 2015 7:28:37 PM org.apache.catalina.core.StandardService startInternal
INFO: Starting service Catalina
Aug 13, 2015 7:28:37 PM org.apache.catalina.core.StandardEngine startInternal
INFO: Starting Servlet Engine: Apache Tomcat/7.0.47
Aug 13, 2015 7:28:37 PM org.apache.catalina.startup.HostConfig deployDirectory
INFO: Deploying web application directory /Users/dunc/Documents/Tomcat/apache-tomcat-7.0.47/webapps/blojsom
Aug 13, 2015 7:28:38 PM org.apache.tomcat.websocket.server.WsSci onStartup
INFO: JSR 356 WebSocket (Java WebSocket 1.0) support is not available when running on Java 6. To suppress this message, run Tomcat on Java 7, remove the WebSocket JARs from $CATALINA_HOME/lib or add the WebSocketJARs to the tomcat.util.scan.DefaultJarScanner.jarsToSkip property in $CATALINA_BASE/conf/catalina.properties. Note that the deprecated Tomcat 7 WebSocket API will be available. 
Aug 13, 2015 7:28:38 PM org.apache.catalina.startup.HostConfig deployDirectory
INFO: Deploying web application directory /Users/dunc/Documents/Tomcat/apache-tomcat-7.0.47/webapps/docs
Aug 13, 2015 7:28:38 PM org.apache.catalina.startup.HostConfig deployDirectory
INFO: Deploying web application directory /Users/dunc/Documents/Tomcat/apache-tomcat-7.0.47/webapps/examples
Aug 13, 2015 7:28:39 PM org.apache.catalina.startup.HostConfig deployDirectory
INFO: Deploying web application directory /Users/dunc/Documents/Tomcat/apache-tomcat-7.0.47/webapps/host-manager
Aug 13, 2015 7:28:39 PM org.apache.catalina.startup.HostConfig deployDirectory
INFO: Deploying web application directory /Users/dunc/Documents/Tomcat/apache-tomcat-7.0.47/webapps/manager
Aug 13, 2015 7:28:39 PM org.apache.catalina.startup.HostConfig deployDirectory
INFO: Deploying web application directory /Users/dunc/Documents/Tomcat/apache-tomcat-7.0.47/webapps/ROOT
Aug 13, 2015 7:28:39 PM org.apache.catalina.startup.HostConfig deployDirectory
INFO: Deploying web application directory /Users/dunc/Documents/Tomcat/apache-tomcat-7.0.47/webapps/sumer
Aug 13, 2015 7:28:40 PM org.apache.catalina.startup.TaglibUriRule body
INFO: TLD skipped. URI: http://jakarta.apache.org/taglibs/string-1.1 is already defined
Aug 13, 2015 7:28:40 PM org.apache.catalina.startup.TaglibUriRule body
INFO: TLD skipped. URI: http://jakarta.apache.org/taglibs/string-1.1 is already defined
Aug 13, 2015 7:28:40 PM org.apache.coyote.AbstractProtocol start
INFO: Starting ProtocolHandler ["http-bio-8080"]
Aug 13, 2015 7:28:40 PM org.apache.coyote.AbstractProtocol start
INFO: Starting ProtocolHandler ["ajp-bio-8009"]
Aug 13, 2015 7:28:40 PM org.apache.catalina.startup.Catalina start
INFO: Server startup in 2491 ms
Aug 13, 2015 7:29:34 PM org.apache.jasper.compiler.TldLocationsCache tldScanJar
INFO: At least one JAR was scanned for TLDs yet contained no TLDs. Enable debug logging for this logger for a complete list of JARs that were scanned but no TLDs were found in them. Skipping unneeded JARs during scanning can improve startup time and JSP compilation time.
