Aug 15, 2015 7:07:57 AM org.apache.coyote.AbstractProtocol pause
INFO: Pausing ProtocolHandler ["http-bio-8080"]
Aug 15, 2015 7:07:57 AM org.apache.coyote.AbstractProtocol pause
INFO: Pausing ProtocolHandler ["ajp-bio-8009"]
Aug 15, 2015 7:07:57 AM org.apache.catalina.core.StandardService stopInternal
INFO: Stopping service Catalina
Aug 15, 2015 7:07:57 AM org.apache.catalina.loader.WebappClassLoader checkThreadLocalMapForLeaks
SEVERE: The web application [/sumer] created a ThreadLocal with key of type [java.lang.ThreadLocal] (value [java.lang.ThreadLocal@7e41986c]) and a value of type [org.apache.xerces.parsers.SAXParser] (value [org.apache.xerces.parsers.SAXParser@127e942f]) but failed to remove it when the web application was stopped. Threads are going to be renewed over time to try and avoid a probable memory leak.
Aug 15, 2015 7:07:57 AM org.apache.catalina.loader.WebappClassLoader clearReferencesThreads
SEVERE: The web application [/blojsom] appears to have started a thread named [Thread-4] but has failed to stop it. This is very likely to create a memory leak.
Aug 15, 2015 7:07:57 AM org.apache.catalina.loader.WebappClassLoader clearReferencesThreads
SEVERE: The web application [/blojsom] appears to have started a thread named [Thread-5] but has failed to stop it. This is very likely to create a memory leak.
Aug 15, 2015 7:07:57 AM org.apache.catalina.loader.WebappClassLoader checkThreadLocalMapForLeaks
SEVERE: The web application [/blojsom] created a ThreadLocal with key of type [org.blojsom.util.BlojsomUtils$5] (value [org.blojsom.util.BlojsomUtils$5@2f635a89]) and a value of type [java.text.SimpleDateFormat] (value [java.text.SimpleDateFormat@5a0f0632]) but failed to remove it when the web application was stopped. Threads are going to be renewed over time to try and avoid a probable memory leak.
Aug 15, 2015 7:07:57 AM org.apache.catalina.loader.WebappClassLoader checkThreadLocalMapForLeaks
SEVERE: The web application [/blojsom] created a ThreadLocal with key of type [org.blojsom.util.BlojsomUtils$6] (value [org.blojsom.util.BlojsomUtils$6@23ccf0ad]) and a value of type [java.text.SimpleDateFormat] (value [java.text.SimpleDateFormat@faabb380]) but failed to remove it when the web application was stopped. Threads are going to be renewed over time to try and avoid a probable memory leak.
Aug 15, 2015 7:07:57 AM org.apache.catalina.loader.WebappClassLoader checkThreadLocalMapForLeaks
SEVERE: The web application [/blojsom] created a ThreadLocal with key of type [org.blojsom.util.BlojsomUtils$7] (value [org.blojsom.util.BlojsomUtils$7@63cd0037]) and a value of type [java.text.SimpleDateFormat] (value [java.text.SimpleDateFormat@fe8ba6fa]) but failed to remove it when the web application was stopped. Threads are going to be renewed over time to try and avoid a probable memory leak.
Aug 15, 2015 7:07:57 AM org.apache.catalina.loader.WebappClassLoader checkThreadLocalMapForLeaks
SEVERE: The web application [/blojsom] created a ThreadLocal with key of type [org.blojsom.util.BlojsomUtils$5] (value [org.blojsom.util.BlojsomUtils$5@2f635a89]) and a value of type [java.text.SimpleDateFormat] (value [java.text.SimpleDateFormat@5a0f0632]) but failed to remove it when the web application was stopped. Threads are going to be renewed over time to try and avoid a probable memory leak.
Aug 15, 2015 7:07:57 AM org.apache.catalina.loader.WebappClassLoader checkThreadLocalMapForLeaks
SEVERE: The web application [/blojsom] created a ThreadLocal with key of type [org.blojsom.util.BlojsomUtils$7] (value [org.blojsom.util.BlojsomUtils$7@63cd0037]) and a value of type [java.text.SimpleDateFormat] (value [java.text.SimpleDateFormat@fe8ba6fa]) but failed to remove it when the web application was stopped. Threads are going to be renewed over time to try and avoid a probable memory leak.
Aug 15, 2015 7:07:57 AM org.apache.catalina.loader.WebappClassLoader checkThreadLocalMapForLeaks
SEVERE: The web application [/blojsom] created a ThreadLocal with key of type [org.blojsom.util.BlojsomUtils$6] (value [org.blojsom.util.BlojsomUtils$6@23ccf0ad]) and a value of type [java.text.SimpleDateFormat] (value [java.text.SimpleDateFormat@faabb380]) but failed to remove it when the web application was stopped. Threads are going to be renewed over time to try and avoid a probable memory leak.
Aug 15, 2015 7:07:57 AM org.apache.coyote.AbstractProtocol stop
INFO: Stopping ProtocolHandler ["http-bio-8080"]
Aug 15, 2015 7:07:58 AM org.apache.coyote.AbstractProtocol stop
INFO: Stopping ProtocolHandler ["ajp-bio-8009"]
Aug 15, 2015 7:07:58 AM org.apache.coyote.AbstractProtocol destroy
INFO: Destroying ProtocolHandler ["http-bio-8080"]
Aug 15, 2015 7:07:58 AM org.apache.coyote.AbstractProtocol destroy
INFO: Destroying ProtocolHandler ["ajp-bio-8009"]
