Aug 17, 2015 6:06:12 PM org.apache.catalina.core.StandardServer await
INFO: A valid shutdown command was received via the shutdown port. Stopping the Server instance.
Aug 17, 2015 6:06:12 PM org.apache.coyote.AbstractProtocol pause
INFO: Pausing ProtocolHandler ["http-bio-8080"]
Aug 17, 2015 6:06:12 PM org.apache.coyote.AbstractProtocol pause
INFO: Pausing ProtocolHandler ["ajp-bio-8009"]
Aug 17, 2015 6:06:12 PM org.apache.catalina.core.StandardService stopInternal
INFO: Stopping service Catalina
Aug 17, 2015 6:06:12 PM org.apache.catalina.loader.WebappClassLoader checkThreadLocalMapForLeaks
SEVERE: The web application [/sumer] created a ThreadLocal with key of type [java.lang.ThreadLocal] (value [java.lang.ThreadLocal@6c2fdbb1]) and a value of type [org.apache.xerces.parsers.SAXParser] (value [org.apache.xerces.parsers.SAXParser@261ca3cb]) but failed to remove it when the web application was stopped. Threads are going to be renewed over time to try and avoid a probable memory leak.
Aug 17, 2015 6:06:13 PM org.apache.catalina.loader.WebappClassLoader clearReferencesThreads
SEVERE: The web application [/blojsom] appears to have started a thread named [Thread-4] but has failed to stop it. This is very likely to create a memory leak.
Aug 17, 2015 6:06:13 PM org.apache.catalina.loader.WebappClassLoader clearReferencesThreads
SEVERE: The web application [/blojsom] appears to have started a thread named [Thread-5] but has failed to stop it. This is very likely to create a memory leak.
Aug 17, 2015 6:06:13 PM org.apache.catalina.loader.WebappClassLoader checkThreadLocalMapForLeaks
SEVERE: The web application [/blojsom] created a ThreadLocal with key of type [org.blojsom.util.BlojsomUtils$5] (value [org.blojsom.util.BlojsomUtils$5@2f14441e]) and a value of type [java.text.SimpleDateFormat] (value [java.text.SimpleDateFormat@5a0f0632]) but failed to remove it when the web application was stopped. Threads are going to be renewed over time to try and avoid a probable memory leak.
Aug 17, 2015 6:06:13 PM org.apache.catalina.loader.WebappClassLoader checkThreadLocalMapForLeaks
SEVERE: The web application [/blojsom] created a ThreadLocal with key of type [org.blojsom.util.BlojsomUtils$6] (value [org.blojsom.util.BlojsomUtils$6@5b8425b7]) and a value of type [java.text.SimpleDateFormat] (value [java.text.SimpleDateFormat@faabb380]) but failed to remove it when the web application was stopped. Threads are going to be renewed over time to try and avoid a probable memory leak.
Aug 17, 2015 6:06:13 PM org.apache.catalina.loader.WebappClassLoader checkThreadLocalMapForLeaks
SEVERE: The web application [/blojsom] created a ThreadLocal with key of type [org.blojsom.util.BlojsomUtils$7] (value [org.blojsom.util.BlojsomUtils$7@40c84051]) and a value of type [java.text.SimpleDateFormat] (value [java.text.SimpleDateFormat@fe8ba6fa]) but failed to remove it when the web application was stopped. Threads are going to be renewed over time to try and avoid a probable memory leak.
Aug 17, 2015 6:06:13 PM org.apache.catalina.loader.WebappClassLoader checkThreadLocalMapForLeaks
SEVERE: The web application [/blojsom] created a ThreadLocal with key of type [org.blojsom.util.BlojsomUtils$5] (value [org.blojsom.util.BlojsomUtils$5@2f14441e]) and a value of type [java.text.SimpleDateFormat] (value [java.text.SimpleDateFormat@5a0f0632]) but failed to remove it when the web application was stopped. Threads are going to be renewed over time to try and avoid a probable memory leak.
Aug 17, 2015 6:06:13 PM org.apache.catalina.loader.WebappClassLoader checkThreadLocalMapForLeaks
SEVERE: The web application [/blojsom] created a ThreadLocal with key of type [org.blojsom.util.BlojsomUtils$6] (value [org.blojsom.util.BlojsomUtils$6@5b8425b7]) and a value of type [java.text.SimpleDateFormat] (value [java.text.SimpleDateFormat@faabb380]) but failed to remove it when the web application was stopped. Threads are going to be renewed over time to try and avoid a probable memory leak.
Aug 17, 2015 6:06:13 PM org.apache.catalina.loader.WebappClassLoader checkThreadLocalMapForLeaks
SEVERE: The web application [/blojsom] created a ThreadLocal with key of type [org.blojsom.util.BlojsomUtils$7] (value [org.blojsom.util.BlojsomUtils$7@40c84051]) and a value of type [java.text.SimpleDateFormat] (value [java.text.SimpleDateFormat@fe8ba6fa]) but failed to remove it when the web application was stopped. Threads are going to be renewed over time to try and avoid a probable memory leak.
Aug 17, 2015 6:06:13 PM org.apache.catalina.loader.WebappClassLoader checkThreadLocalMapForLeaks
SEVERE: The web application [/blojsom] created a ThreadLocal with key of type [org.blojsom.util.BlojsomUtils$5] (value [org.blojsom.util.BlojsomUtils$5@2f14441e]) and a value of type [java.text.SimpleDateFormat] (value [java.text.SimpleDateFormat@5a0f0632]) but failed to remove it when the web application was stopped. Threads are going to be renewed over time to try and avoid a probable memory leak.
Aug 17, 2015 6:06:13 PM org.apache.catalina.loader.WebappClassLoader checkThreadLocalMapForLeaks
SEVERE: The web application [/blojsom] created a ThreadLocal with key of type [org.blojsom.util.BlojsomUtils$7] (value [org.blojsom.util.BlojsomUtils$7@40c84051]) and a value of type [java.text.SimpleDateFormat] (value [java.text.SimpleDateFormat@fe8ba6fa]) but failed to remove it when the web application was stopped. Threads are going to be renewed over time to try and avoid a probable memory leak.
Aug 17, 2015 6:06:13 PM org.apache.catalina.loader.WebappClassLoader checkThreadLocalMapForLeaks
SEVERE: The web application [/blojsom] created a ThreadLocal with key of type [org.blojsom.util.BlojsomUtils$6] (value [org.blojsom.util.BlojsomUtils$6@5b8425b7]) and a value of type [java.text.SimpleDateFormat] (value [java.text.SimpleDateFormat@faabb380]) but failed to remove it when the web application was stopped. Threads are going to be renewed over time to try and avoid a probable memory leak.
Aug 17, 2015 6:06:13 PM org.apache.catalina.loader.WebappClassLoader checkThreadLocalMapForLeaks
SEVERE: The web application [/blojsom] created a ThreadLocal with key of type [org.blojsom.util.BlojsomUtils$5] (value [org.blojsom.util.BlojsomUtils$5@2f14441e]) and a value of type [java.text.SimpleDateFormat] (value [java.text.SimpleDateFormat@5a0f0632]) but failed to remove it when the web application was stopped. Threads are going to be renewed over time to try and avoid a probable memory leak.
Aug 17, 2015 6:06:13 PM org.apache.catalina.loader.WebappClassLoader checkThreadLocalMapForLeaks
SEVERE: The web application [/blojsom] created a ThreadLocal with key of type [org.blojsom.util.BlojsomUtils$6] (value [org.blojsom.util.BlojsomUtils$6@5b8425b7]) and a value of type [java.text.SimpleDateFormat] (value [java.text.SimpleDateFormat@faabb380]) but failed to remove it when the web application was stopped. Threads are going to be renewed over time to try and avoid a probable memory leak.
Aug 17, 2015 6:06:13 PM org.apache.catalina.loader.WebappClassLoader checkThreadLocalMapForLeaks
SEVERE: The web application [/blojsom] created a ThreadLocal with key of type [org.blojsom.util.BlojsomUtils$7] (value [org.blojsom.util.BlojsomUtils$7@40c84051]) and a value of type [java.text.SimpleDateFormat] (value [java.text.SimpleDateFormat@fe8ba6fa]) but failed to remove it when the web application was stopped. Threads are going to be renewed over time to try and avoid a probable memory leak.
Aug 17, 2015 6:06:13 PM org.apache.catalina.loader.WebappClassLoader checkThreadLocalMapForLeaks
SEVERE: The web application [/blojsom] created a ThreadLocal with key of type [org.blojsom.util.BlojsomUtils$5] (value [org.blojsom.util.BlojsomUtils$5@2f14441e]) and a value of type [java.text.SimpleDateFormat] (value [java.text.SimpleDateFormat@5a0f0632]) but failed to remove it when the web application was stopped. Threads are going to be renewed over time to try and avoid a probable memory leak.
Aug 17, 2015 6:06:13 PM org.apache.catalina.loader.WebappClassLoader checkThreadLocalMapForLeaks
SEVERE: The web application [/blojsom] created a ThreadLocal with key of type [org.blojsom.util.BlojsomUtils$6] (value [org.blojsom.util.BlojsomUtils$6@5b8425b7]) and a value of type [java.text.SimpleDateFormat] (value [java.text.SimpleDateFormat@faabb380]) but failed to remove it when the web application was stopped. Threads are going to be renewed over time to try and avoid a probable memory leak.
Aug 17, 2015 6:06:13 PM org.apache.catalina.loader.WebappClassLoader checkThreadLocalMapForLeaks
SEVERE: The web application [/blojsom] created a ThreadLocal with key of type [org.blojsom.util.BlojsomUtils$7] (value [org.blojsom.util.BlojsomUtils$7@40c84051]) and a value of type [java.text.SimpleDateFormat] (value [java.text.SimpleDateFormat@fe8ba6fa]) but failed to remove it when the web application was stopped. Threads are going to be renewed over time to try and avoid a probable memory leak.
Aug 17, 2015 6:06:13 PM org.apache.coyote.AbstractProtocol stop
INFO: Stopping ProtocolHandler ["http-bio-8080"]
Aug 17, 2015 6:06:13 PM org.apache.coyote.AbstractProtocol stop
INFO: Stopping ProtocolHandler ["ajp-bio-8009"]
Aug 17, 2015 6:06:13 PM org.apache.coyote.AbstractProtocol destroy
INFO: Destroying ProtocolHandler ["http-bio-8080"]
Aug 17, 2015 6:06:13 PM org.apache.coyote.AbstractProtocol destroy
INFO: Destroying ProtocolHandler ["ajp-bio-8009"]
