Jan 2, 2016 1:29:06 PM org.apache.coyote.AbstractProtocol pause
INFO: Pausing ProtocolHandler ["http-bio-8080"]
Jan 2, 2016 1:29:06 PM org.apache.coyote.AbstractProtocol pause
INFO: Pausing ProtocolHandler ["ajp-bio-8009"]
Jan 2, 2016 1:29:06 PM org.apache.catalina.core.StandardService stopInternal
INFO: Stopping service Catalina
Jan 2, 2016 1:29:06 PM org.apache.catalina.loader.WebappClassLoader checkThreadLocalMapForLeaks
SEVERE: The web application [/sumer] created a ThreadLocal with key of type [java.lang.ThreadLocal] (value [java.lang.ThreadLocal@16cc8a48]) and a value of type [org.apache.xerces.parsers.SAXParser] (value [org.apache.xerces.parsers.SAXParser@68ffab0a]) but failed to remove it when the web application was stopped. Threads are going to be renewed over time to try and avoid a probable memory leak.
Jan 2, 2016 1:29:06 PM org.apache.catalina.loader.WebappClassLoader clearReferencesThreads
SEVERE: The web application [/blojsom] appears to have started a thread named [Thread-5] but has failed to stop it. This is very likely to create a memory leak.
Jan 2, 2016 1:29:06 PM org.apache.catalina.loader.WebappClassLoader clearReferencesThreads
SEVERE: The web application [/blojsom] appears to have started a thread named [Thread-6] but has failed to stop it. This is very likely to create a memory leak.
Jan 2, 2016 1:29:06 PM org.apache.catalina.loader.WebappClassLoader checkThreadLocalMapForLeaks
SEVERE: The web application [/blojsom] created a ThreadLocal with key of type [org.blojsom.util.BlojsomUtils$5] (value [org.blojsom.util.BlojsomUtils$5@697a1686]) and a value of type [java.text.SimpleDateFormat] (value [java.text.SimpleDateFormat@5a0f0632]) but failed to remove it when the web application was stopped. Threads are going to be renewed over time to try and avoid a probable memory leak.
Jan 2, 2016 1:29:06 PM org.apache.catalina.loader.WebappClassLoader checkThreadLocalMapForLeaks
SEVERE: The web application [/blojsom] created a ThreadLocal with key of type [org.blojsom.util.BlojsomUtils$6] (value [org.blojsom.util.BlojsomUtils$6@4e5ced83]) and a value of type [java.text.SimpleDateFormat] (value [java.text.SimpleDateFormat@faabb380]) but failed to remove it when the web application was stopped. Threads are going to be renewed over time to try and avoid a probable memory leak.
Jan 2, 2016 1:29:06 PM org.apache.catalina.loader.WebappClassLoader checkThreadLocalMapForLeaks
SEVERE: The web application [/blojsom] created a ThreadLocal with key of type [org.blojsom.util.BlojsomUtils$7] (value [org.blojsom.util.BlojsomUtils$7@36ed5ba6]) and a value of type [java.text.SimpleDateFormat] (value [java.text.SimpleDateFormat@fe8ba6fa]) but failed to remove it when the web application was stopped. Threads are going to be renewed over time to try and avoid a probable memory leak.
Jan 2, 2016 1:29:06 PM org.apache.catalina.loader.WebappClassLoader checkThreadLocalMapForLeaks
SEVERE: The web application [/blojsom] created a ThreadLocal with key of type [org.blojsom.util.BlojsomUtils$5] (value [org.blojsom.util.BlojsomUtils$5@697a1686]) and a value of type [java.text.SimpleDateFormat] (value [java.text.SimpleDateFormat@5a0f0632]) but failed to remove it when the web application was stopped. Threads are going to be renewed over time to try and avoid a probable memory leak.
Jan 2, 2016 1:29:06 PM org.apache.catalina.loader.WebappClassLoader checkThreadLocalMapForLeaks
SEVERE: The web application [/blojsom] created a ThreadLocal with key of type [org.blojsom.util.BlojsomUtils$7] (value [org.blojsom.util.BlojsomUtils$7@36ed5ba6]) and a value of type [java.text.SimpleDateFormat] (value [java.text.SimpleDateFormat@fe8ba6fa]) but failed to remove it when the web application was stopped. Threads are going to be renewed over time to try and avoid a probable memory leak.
Jan 2, 2016 1:29:06 PM org.apache.catalina.loader.WebappClassLoader checkThreadLocalMapForLeaks
SEVERE: The web application [/blojsom] created a ThreadLocal with key of type [org.blojsom.util.BlojsomUtils$6] (value [org.blojsom.util.BlojsomUtils$6@4e5ced83]) and a value of type [java.text.SimpleDateFormat] (value [java.text.SimpleDateFormat@faabb380]) but failed to remove it when the web application was stopped. Threads are going to be renewed over time to try and avoid a probable memory leak.
Jan 2, 2016 1:29:06 PM org.apache.coyote.AbstractProtocol stop
INFO: Stopping ProtocolHandler ["http-bio-8080"]
Jan 2, 2016 1:29:06 PM org.apache.coyote.AbstractProtocol stop
INFO: Stopping ProtocolHandler ["ajp-bio-8009"]
Jan 2, 2016 1:29:06 PM org.apache.coyote.AbstractProtocol destroy
INFO: Destroying ProtocolHandler ["http-bio-8080"]
Jan 2, 2016 1:29:06 PM org.apache.coyote.AbstractProtocol destroy
INFO: Destroying ProtocolHandler ["ajp-bio-8009"]
Jan 2, 2016 4:16:04 PM org.apache.catalina.core.AprLifecycleListener init
INFO: The APR based Apache Tomcat Native library which allows optimal performance in production environments was not found on the java.library.path: .:/Library/Java/Extensions:/System/Library/Java/Extensions:/usr/lib/java
Jan 2, 2016 4:16:04 PM org.apache.coyote.AbstractProtocol init
INFO: Initializing ProtocolHandler ["http-bio-8080"]
Jan 2, 2016 4:16:04 PM org.apache.coyote.AbstractProtocol init
INFO: Initializing ProtocolHandler ["ajp-bio-8009"]
Jan 2, 2016 4:16:04 PM org.apache.catalina.startup.Catalina load
INFO: Initialization processed in 633 ms
Jan 2, 2016 4:16:04 PM org.apache.catalina.core.StandardService startInternal
INFO: Starting service Catalina
Jan 2, 2016 4:16:04 PM org.apache.catalina.core.StandardEngine startInternal
INFO: Starting Servlet Engine: Apache Tomcat/7.0.47
Jan 2, 2016 4:16:04 PM org.apache.catalina.startup.HostConfig deployDirectory
INFO: Deploying web application directory /Users/dunc/Documents/Tomcat/apache-tomcat-7.0.47/webapps/blojsom
Jan 2, 2016 4:16:05 PM org.apache.tomcat.websocket.server.WsSci onStartup
INFO: JSR 356 WebSocket (Java WebSocket 1.0) support is not available when running on Java 6. To suppress this message, run Tomcat on Java 7, remove the WebSocket JARs from $CATALINA_HOME/lib or add the WebSocketJARs to the tomcat.util.scan.DefaultJarScanner.jarsToSkip property in $CATALINA_BASE/conf/catalina.properties. Note that the deprecated Tomcat 7 WebSocket API will be available. 
Jan 2, 2016 4:16:06 PM org.apache.catalina.startup.HostConfig deployDirectory
INFO: Deploying web application directory /Users/dunc/Documents/Tomcat/apache-tomcat-7.0.47/webapps/docs
Jan 2, 2016 4:16:06 PM org.apache.catalina.startup.HostConfig deployDirectory
INFO: Deploying web application directory /Users/dunc/Documents/Tomcat/apache-tomcat-7.0.47/webapps/examples
Jan 2, 2016 4:16:06 PM org.apache.catalina.startup.HostConfig deployDirectory
INFO: Deploying web application directory /Users/dunc/Documents/Tomcat/apache-tomcat-7.0.47/webapps/host-manager
Jan 2, 2016 4:16:06 PM org.apache.catalina.startup.HostConfig deployDirectory
INFO: Deploying web application directory /Users/dunc/Documents/Tomcat/apache-tomcat-7.0.47/webapps/manager
Jan 2, 2016 4:16:06 PM org.apache.catalina.startup.HostConfig deployDirectory
INFO: Deploying web application directory /Users/dunc/Documents/Tomcat/apache-tomcat-7.0.47/webapps/ROOT
Jan 2, 2016 4:16:06 PM org.apache.catalina.startup.HostConfig deployDirectory
INFO: Deploying web application directory /Users/dunc/Documents/Tomcat/apache-tomcat-7.0.47/webapps/sumer
Jan 2, 2016 4:16:07 PM org.apache.catalina.startup.TaglibUriRule body
INFO: TLD skipped. URI: http://jakarta.apache.org/taglibs/string-1.1 is already defined
Jan 2, 2016 4:16:07 PM org.apache.catalina.startup.TaglibUriRule body
INFO: TLD skipped. URI: http://jakarta.apache.org/taglibs/string-1.1 is already defined
Jan 2, 2016 4:16:07 PM org.apache.coyote.AbstractProtocol start
INFO: Starting ProtocolHandler ["http-bio-8080"]
Jan 2, 2016 4:16:07 PM org.apache.coyote.AbstractProtocol start
INFO: Starting ProtocolHandler ["ajp-bio-8009"]
Jan 2, 2016 4:16:07 PM org.apache.catalina.startup.Catalina start
INFO: Server startup in 2580 ms
Jan 2, 2016 4:47:41 PM org.apache.jasper.compiler.TldLocationsCache tldScanJar
INFO: At least one JAR was scanned for TLDs yet contained no TLDs. Enable debug logging for this logger for a complete list of JARs that were scanned but no TLDs were found in them. Skipping unneeded JARs during scanning can improve startup time and JSP compilation time.
